0 140213394 137246372 0.0212 0.0088 42 8 0 11 43610 43920 11 26.73
1 141567013 152858206 0.8897 0.0009 46 11 8 42 2683 2700 42 26.99
2 141712936 156356237 0.9753 0.0000 47 11 8 46 660 661 46 27.01
3 139780800 172881623 0.8818 0.0003 51 19 8 48 3052 3070 48 26.65
4 139904209 177154163 0.9695 0.0002 53 20 9 51 687 696 51 26.67
5 140016706 186549099 0.9329 0.0397 54 19 8 53 633 2193 53 13.35
6 140880269 195617709 0.9356 0.0174 57 22 9 56 1226 1929 56 13.43
0 140213394 137253097 0.0211 0.0089 42 8 0 9 43610 43922 9 26.74
1 141567013 152864931 0.8897 0.0009 46 11 8 42 2683 2700 42 26.99
2 141712936 156362990 0.9753 0.0000 47 11 8 46 660 662 46 27.01
3 139780800 172887924 0.8818 0.0003 51 19 8 48 3052 3067 48 26.65
4 139904209 177139644 0.9696 0.0000 53 20 9 51 687 691 51 26.68
5 140016706 181519977 0.9687 0.0039 54 19 8 52 633 770 52 26.69
6 140880269 188355202 0.9515 0.0016 55 21 9 54 1226 1277 54 26.86
0 140213394 137253097 0.0211 0.0089 42 8 0 9 43610 43922 9 26.73
1 141567013 183507529 0.6733 0.2173 54 19 8 42 2683 16574 42 26.99
2 141712936 187005500 0.9753 0.0000 55 22 16 54 660 660 54 27.01
3 139780800 203530374 0.8818 0.0003 60 29 12 57 3052 3066 57 26.65
4 139904209 207780502 0.9696 0.0000 61 29 13 59 687 687 59 26.67
5 140016706 235479909 0.8022 0.1705 67 36 11 60 633 7894 60 26.69
6 140880269 263237559 0.8030 0.1501 75 45 15 68 1226 8029 68 26.85
0 140213394 137253097 0.0211 0.0089 42 8 0 9 43610 43922 9 26.73
1 141567013 158356724 0.8509 0.0396 49 15 8 42 2683 5955 42 26.99
2 141712936 161854695 0.9753 0.0000 50 15 10 49 660 660 49 27.02
3 139780800 178379569 0.8818 0.0003 54 22 10 51 3052 3066 51 26.64
4 139904209 182629697 0.9696 0.0000 56 23 11 54 687 687 54 26.67
5 140016706 213844611 0.7771 0.1956 63 31 10 57 633 9758 57 26.69
6 140880269 252900103 0.7228 0.2303 73 46 13 64 1226 12015 64 26.86
0 140213394 137253097 0.0211 0.0089 42 8 0 9 43610 43922 9 26.73
1 141567013 152864931 0.8897 0.0009 46 11 8 42 2683 2700 42 26.99
2 141712936 156362990 0.9753 0.0000 47 11 8 46 660 662 46 27.01
0 140213394 137253097 0.0211 0.0089 42 8 0 9 43610 43922 9 26.73
1 141567013 158356724 0.8509 0.0396 49 15 8 42 2683 5955 42 26.99
2 141712936 161854695 0.9753 0.0000 50 15 10 49 660 660 49 27.02
3 139780800 178379569 0.8818 0.0003 54 22 10 51 3052 3066 51 26.64
4 139904209 182629697 0.9696 0.0000 56 23 11 54 687 687 54 26.67
5 140016706 213844611 0.7771 0.1956 63 31 10 57 633 9758 57 26.69
0 140213394 137253097 0.0211 0.0089 42 8 0 9 43610 43922 9 26.73
1 141567013 264832702 0.0988 0.7918 70 36 6 42 2683 41464 42 26.99
2 141712936 268330673 0.9753 0.0000 70 38 29 69 660 660 69 27.01
3 139780800 284855547 0.8818 0.0003 74 43 18 71 3052 3066 71 26.65
4 139904209 289105675 0.9696 0.0000 74 42 20 72 687 687 72 26.67
5 140016706 330819319 0.7021 0.2705 84 52 19 75 633 13520 75 26.70
6 140880269 366934041 0.7436 0.2094 91 64 24 81 1226 10898 81 26.86
0 140213394 137253097 0.0211 0.0089 42 8 0 9 43610 43922 9 26.73
1 141567013 152864931 0.8897 0.0009 46 11 8 42 2683 2700 42 26.98
2 141712936 156363354 0.9753 0.0000 47 11 8 46 660 663 46 27.01
3 139780800 172888288 0.8818 0.0003 51 19 8 48 3052 3067 48 26.65
4 139904209 177139644 0.9696 0.0000 53 20 9 51 687 690 51 26.67
5 140016706 181556110 0.9685 0.0042 54 19 8 52 633 783 52 26.70
6 140880269 188409021 0.9514 0.0017 56 22 10 55 1226 1285 55 26.85
0 140213394 137253097 0.0211 0.0089 42 8 0 9 43610 43922 9 26.73
1 141567013 152864931 0.8897 0.0009 46 11 8 42 2683 2700 42 26.99
2 141712936 156363354 0.9753 0.0000 47 11 8 46 660 663 46 27.01
3 139780800 172888288 0.8818 0.0003 51 19 8 48 3052 3067 48 26.65
4 139904209 177139644 0.9696 0.0000 53 20 9 51 687 690 51 26.67
5 140016706 181120531 0.9716 0.0011 53 18 8 52 633 678 52 26.69
6 140880269 187765917 0.9528 0.0002 55 21 9 54 1226 1236 54 26.86
0 140213394 137253097 0.0211 0.0089 42 8 0 9 43610 43922 9 26.73
1 141567013 152864931 0.8897 0.0009 46 11 8 42 2683 2700 42 26.99
2 141712936 156363354 0.9753 0.0000 47 11 8 46 660 663 46 27.02
3 139780800 172888288 0.8818 0.0003 51 19 8 48 3052 3067 48 26.65
0 140213394 137253097 0.0211 0.0089 42 8 0 9 43610 43922 9 26.74
0 140213394 137253097 0.0211 0.0089 42 8 0 9 43610 43922 9 26.74
1 141567013 152864931 0.8897 0.0009 46 11 8 42 2683 2700 42 26.99
0 140213394 137253097 0.0211 0.0089 42 8 0 9 43610 43922 9 26.74
1 141567013 184423131 0.6668 0.2238 56 22 8 42 2683 18651 42 26.99
0 141567013 138010360 0.0251 0.0084 42 8 0 8 43869 44175 8 26.99
1 141712936 174705612 0.7411 0.2342 53 18 8 42 663 16912 42 27.02
0 140213394 137253097 0.0211 0.0089 42 8 0 9 43610 43922 9 26.73
1 141567013 152865082 0.8897 0.0009 46 11 8 42 2683 2701 42 26.99
2 141712936 156363204 0.9753 0.0000 47 11 8 46 660 661 46 27.02
3 139780800 172888229 0.8818 0.0003 51 19 8 48 3052 3067 48 26.65
4 139904209 177139077 0.9696 0.0000 53 20 9 51 687 689 51 26.67
5 140016706 182013765 0.9652 0.0074 54 19 8 52 633 1359 52 26.69
6 140880269 189802558 0.9447 0.0083 56 23 9 55 1226 1528 55 26.86
0 140213394 137379339 0.0202 0.0098 42 8 0 11 43610 43981 11 26.73
1 141567013 152991183 0.8897 0.0009 46 11 8 42 2683 2701 42 26.99
2 141712936 156489154 0.9753 0.0000 47 11 8 46 660 660 46 27.02
3 139780800 173014029 0.8818 0.0003 51 19 8 48 3052 3067 48 26.64
4 139904209 177264674 0.9696 0.0000 53 20 9 51 687 688 51 26.67
5 140016706 186662244 0.9329 0.0397 55 20 8 53 633 2183 53 26.69
6 140880269 195768503 0.9354 0.0177 58 23 9 56 1226 2007 56 26.86
0 140213394 137246372 0.0212 0.0088 42 8 0 11 43610 43920 11 26.74
1 141567013 152858206 0.8897 0.0009 46 11 8 42 2683 2700 42 26.98
2 141712936 156356237 0.9753 0.0000 47 11 8 46 660 661 46 27.01
3 139780800 172881623 0.8818 0.0003 51 19 8 48 3052 3070 48 26.65
4 139904209 177154163 0.9695 0.0002 53 20 9 51 687 696 51 26.67
5 140016706 186549099 0.9329 0.0397 54 19 8 53 633 2193 53 26.69
6 140880269 195617709 0.9356 0.0174 57 22 9 56 1226 1929 56 26.86
0 140213394 137246372 0.0212 0.0088 42 8 0 11 43610 43920 11 26.74
1 141567013 152858206 0.8897 0.0009 46 11 8 42 2683 2700 42 26.99
2 141712936 156356237 0.9753 0.0000 47 11 8 46 660 661 46 27.02
3 139780800 172881623 0.8818 0.0003 51 19 8 48 3052 3070 48 26.65
4 139904209 177154163 0.9695 0.0002 53 20 9 51 687 696 51 26.67
5 140016706 186549099 0.9329 0.0397 54 19 8 53 633 2193 53 26.69
6 140880269 195617709 0.9356 0.0174 57 22 9 56 1226 1929 56 26.85
0 140213394 137448126 0.0197 0.0103 42 8 0 11 43610 43995 11 26.73
1 141567013 153060121 0.8897 0.0009 46 11 8 42 2683 2702 42 26.99
2 141712936 156558092 0.9753 0.0000 47 11 8 46 660 660 46 27.02
3 139780800 177220581 0.8522 0.0299 51 19 2 48 3052 10395 48 26.65
4 139904209 185803614 0.9387 0.0310 53 21 3 51 687 7121 51 26.67
5 140016706 219272126 0.7610 0.2117 56 20 0 55 633 16491 55 26.69
6 140880269 237584179 0.8700 0.0830 57 21 2 58 1226 10080 58 26.86
0 140213394 137379339 0.0202 0.0098 42 8 0 11 43610 43981 11 26.73
1 141567013 152991183 0.8897 0.0009 46 11 8 42 2683 2701 42 26.98
2 141712936 156489154 0.9753 0.0000 47 11 8 46 660 660 46 27.02
3 139780800 173014029 0.8818 0.0003 51 19 8 48 3052 3067 48 26.64
4 139904209 177388564 0.9687 0.0009 53 20 9 51 687 720 51 26.67
5 140016706 195284217 0.8722 0.1004 58 24 4 54 633 10721 54 26.69
6 140880269 208381778 0.9070 0.0460 61 27 7 59 1226 8348 59 26.86
0 140213394 137253097 0.0211 0.0089 42 8 0 9 43610 43922 9 26.73
1 141567013 152864931 0.8897 0.0009 46 11 8 42 2683 2700 42 26.98
2 141712936 156362902 0.9753 0.0000 47 11 8 46 660 660 46 27.02
3 139780800 172887776 0.8818 0.0003 51 19 8 48 3052 3066 48 26.65
0 140213394 137253097 0.0211 0.0089 42 8 0 9 43610 43922 9 26.73
1 141567013 152864931 0.8897 0.0009 46 11 8 42 2683 2700 42 26.99
0 140213394 137253097 0.0211 0.0089 42 8 0 9 43610 43922 9 26.73
1 141567013 152864931 0.8897 0.0009 46 11 8 42 2683 2700 42 26.99
2 141712936 156362902 0.9753 0.0000 47 11 8 46 660 660 46 27.01
3 139780800 172887776 0.8818 0.0003 51 19 8 48 3052 3066 48 26.65
4 139904209 177137904 0.9696 0.0000 53 20 9 51 687 687 51 26.67
5 140016706 180970341 0.9726 0.0000 53 18 8 52 633 633 52 26.69
6 140880269 187587018 0.9530 0.0000 55 21 9 54 1226 1226 54 26.86
0 140213394 137253097 0.0211 0.0089 42 8 0 9 43610 43922 9 26.73
0 140213394 137253097 0.0211 0.0089 42 8 0 9 43610 43922 9 26.74
0 140213394 137253097 0.0211 0.0089 42 8 0 9 43610 43922 9 26.73
0 140213394 137253097 0.0211 0.0089 42 8 0 9 43610 43922 9 26.73
0 140213394 137253097 0.0211 0.0089 42 8 0 9 43610 43922 9 26.74
0 140213394 137253097 0.0211 0.0089 42 8 0 9 43610 43922 9 26.73
0 140213394 137253097 0.0211 0.0089 42 8 0 9 43610 43922 9 26.73
0 140213394 137253097 0.0211 0.0089 42 8 0 9 43610 43922 9 26.73
1 141567013 152878541 0.8896 0.0010 46 11 8 42 2683 2703 42 26.99
0 140213394 137253097 0.0211 0.0089 42 8 0 9 43610 43922 9 26.73
1 141567013 152864931 0.8897 0.0009 46 11 8 42 2683 2700 42 26.99
2 141712936 156362902 0.9753 0.0000 47 11 8 46 660 660 46 27.01
3 139780800 172888496 0.8818 0.0003 51 19 8 48 3052 3068 48 26.65
4 139904209 177148677 0.9695 0.0001 53 20 9 51 687 691 51 26.67
5 140016706 180997057 0.9725 0.0001 53 18 8 52 633 664 52 26.69
6 140880269 187616026 0.9530 0.0000 55 21 9 54 1226 1229 54 26.86
0 140213394 137346677 0.0204 0.0096 42 8 0 1 43610 43967 1 26.74
0 140213394 137346677 0.0204 0.0096 42 8 0 1 43610 43967 1 26.73
1 141567013 152958511 0.8897 0.0009 46 11 8 42 2683 2700 42 0.53
0 140213394 137346677 0.0204 0.0096 42 8 0 1 43610 43967 1 26.74
0 140213394 137346677 0.0204 0.0096 42 8 0 1 43610 43967 1 26.73
1 141567013 152958511 0.8897 0.0009 46 11 8 42 2683 2700 42 26.99
2 141712936 156456482 0.9753 0.0000 47 12 8 46 660 660 46 27.02
3 139780800 172988417 0.8817 0.0004 51 19 8 47 3052 3067 47 26.65
4 139904209 177238545 0.9696 0.0000 53 20 9 51 687 687 51 26.67
5 140016706 181070982 0.9726 0.0000 53 18 8 52 633 633 52 26.69
6 140880269 187687659 0.9530 0.0000 55 20 9 54 1226 1226 54 26.86
7 173860261 310169059 0.2955 0.0021 89 52 10 57 35180 35347 57 16.58
8 172310819 329149968 0.8898 0.0000 94 56 28 89 3605 3611 89 16.43
9 174705667 338060811 0.9490 0.0001 98 60 29 95 1566 1568 95 11.11
10 175507465 350510884 0.9291 0.0001 101 63 31 98 2341 2345 98 16.73
11 176502284 366596976 0.9089 0.0000 104 66 31 100 2967 2967 100 16.83
12 176929219 371399788 0.9729 0.0000 106 67 34 104 877 877 104 16.87
13 176371842 373462172 0.9883 0.0000 107 68 33 106 528 528 106 16.82
0 140213394 137346677 0.0204 0.0096 42 8 0 1 43610 43967 1 26.73
1 141567013 152958511 0.8897 0.0009 46 11 8 42 2683 2700 42 26.99
0 140213394 137346677 0.0204 0.0096 42 8 0 1 43610 43967 1 26.73
1 141567013 189673949 0.6304 0.2602 44 9 0 42 2683 23391 42 26.99
0 140213394 137414483 0.0200 0.0100 42 8 0 0 43610 43993 0 26.73
1 141567013 218929434 0.4242 0.4664 43 9 0 42 2683 30412 42 26.99
0 140213394 137414483 0.0200 0.0100 42 8 0 0 43610 43993 0 26.73
1 141567013 218929434 0.4242 0.4664 43 9 0 42 2683 30412 42 26.99
0 140213394 137327297 0.0206 0.0094 42 8 0 2 43610 43957 2 26.73
1 141567013 189639421 0.6305 0.2601 44 9 0 42 2683 23386 42 26.98
0 140213394 137485577 0.0195 0.0105 42 8 0 0 43610 44027 0 26.73
0 140213394 137485577 0.0195 0.0105 42 8 0 0 43610 44027 0 26.74
1 141567013 189870892 0.6300 0.2606 44 9 0 42 2683 23399 42 26.99
0 140213394 137485577 0.0195 0.0105 42 8 0 0 43610 44027 0 26.74
0 140213394 137346677 0.0204 0.0096 42 8 0 1 43610 43967 1 26.73
1 141567013 189673949 0.6304 0.2602 44 9 0 42 2683 23391 42 26.99
0 140213394 137346677 0.0204 0.0096 42 8 0 1 43610 43967 1 26.73
1 141567013 189673949 0.6304 0.2602 44 9 0 42 2683 23391 42 26.99
0 140213394 137346677 0.0204 0.0096 42 8 0 1 43610 43967 1 26.73
1 141567013 189673949 0.6304 0.2602 44 9 0 42 2683 23391 42 26.99
0 140213394 137346677 0.0204 0.0096 42 8 0 1 43610 43967 1 26.73
1 141567013 189673949 0.6304 0.2602 44 9 0 42 2683 23391 42 26.99
0 140213394 137346677 0.0204 0.0096 42 8 0 1 43610 43967 1 26.73
1 141567013 167998195 0.7835 0.1071 44 9 0 42 2683 15913 42 26.99
2 141712936 197915888 0.7889 0.1864 46 11 0 44 660 17252 44 27.01
3 139780800 233273978 0.7470 0.1351 48 10 2 48 3052 16514 48 26.65
0 140213394 137346677 0.0204 0.0096 42 8 0 1 43610 43967 1 26.73
1 141567013 167998195 0.7835 0.1071 44 9 0 42 2683 15913 42 26.99
0 140213394 137245404 0.0212 0.0088 42 8 0 13 43610 43918 13 26.73
1 141567013 152857238 0.8897 0.0009 46 11 8 42 2683 2700 42 26.99
0 140213394 137346677 0.0204 0.0096 42 8 0 1 43610 43967 1 26.73
0 140213394 137346677 0.0204 0.0096 42 8 0 1 43610 43967 1 26.73
0 140213394 137346667 0.0204 0.0096 42 8 0 1 43610 43966 1 26.73
0 140213394 137484604 0.0195 0.0105 42 8 0 0 43610 44028 0 26.74
0 140213394 137467222 0.0196 0.0104 42 8 0 0 43610 44017 0 26.74
0 140213394 137346667 0.0204 0.0096 42 8 0 1 43610 43966 1 26.73
0 140213394 137484604 0.0195 0.0105 42 8 0 0 43610 44028 0 26.73
0 140213394 137484604 0.0195 0.0105 42 8 0 0 43610 44028 0 26.73
0 140213394 137484604 0.0195 0.0105 42 8 0 0 43610 44028 0 26.74
0 140213394 137484604 0.0195 0.0105 42 8 0 0 43610 44028 0 26.73
0 140213394 137484604 0.0195 0.0105 42 8 0 0 43610 44028 0 26.73
0 140213394 137484604 0.0195 0.0105 42 8 0 0 43610 44028 0 26.73
0 140213394 137391908 0.0201 0.0099 42 8 0 0 43610 44021 0 26.73
1 141567013 153003742 0.8897 0.0009 46 12 8 42 2683 2704 42 26.99
0 140213394 136048454 0.0297 0.0003 42 9 0 0 43610 43666 0 26.73
0 140213394 136048454 0.0297 0.0003 42 9 0 0 43610 43666 0 26.70
0 140213394 137391908 0.0201 0.0099 42 8 0 0 43610 44021 0 26.73
1 141567013 153003742 0.8897 0.0009 46 12 8 42 2683 2704 42 26.99
2 141712936 156501713 0.9753 0.0000 47 12 8 46 660 661 46 27.01
3 139780800 173034564 0.8817 0.0004 51 19 8 47 3052 3072 47 26.64
4 139904209 177284780 0.9696 0.0000 53 20 9 51 687 690 51 26.67
5 140016706 181371025 0.9708 0.0018 53 18 8 52 633 698 52 26.69
6 140880269 188341213 0.9505 0.0025 55 20 9 53 1226 1322 53 26.85
7 173860261 310841390 0.2954 0.0022 89 52 10 54 35180 35360 54 33.14
8 172310819 329921700 0.8893 0.0006 94 56 28 89 3605 3654 89 32.85
9 174705667 339070537 0.9476 0.0015 97 59 28 95 1566 1654 95 33.29
10 175507465 351753724 0.9277 0.0014 101 63 31 97 2341 2442 97 33.45
11 176502284 368157890 0.9071 0.0018 103 65 30 101 2967 3074 101 32.87
12 176929219 376886406 0.9507 0.0222 100 61 28 103 877 2375 103 33.72
13 176371842 380876925 0.9774 0.0109 97 57 26 100 528 1349 100 33.62
0 140213394 137391908 0.0201 0.0099 42 8 0 0 43610 44021 0 26.73
