This file contains any messages produced by compilers while
running configure, to aid debugging if configure makes a mistake.

It was created by destor configure 2.0, which was
generated by GNU Autoconf 2.69.  Invocation command line was

  $ ./configure 

## --------- ##
## Platform. ##
## --------- ##

hostname = localhost.localdomain
uname -m = x86_64
uname -r = 3.10.0-957.el7.x86_64
uname -s = Linux
uname -v = #1 SMP Thu Nov 8 23:39:32 UTC 2018

/usr/bin/uname -p = x86_64
/bin/uname -X     = unknown

/bin/arch              = x86_64
/usr/bin/arch -k       = unknown
/usr/convex/getsysinfo = unknown
/usr/bin/hostinfo      = unknown
/bin/machine           = unknown
/usr/bin/oslevel       = unknown
/bin/universe          = unknown

PATH: /usr/local/sbin
PATH: /usr/local/bin
PATH: /usr/sbin
PATH: /usr/bin
PATH: /root/bin


## ----------- ##
## Core tests. ##
## ----------- ##

configure:2305: checking for a BSD-compatible install
configure:2373: result: /usr/bin/install -c
configure:2384: checking whether build environment is sane
configure:2439: result: yes
configure:2477: WARNING: 'missing' script is too old or missing
configure:2590: checking for a thread-safe mkdir -p
configure:2629: result: /usr/bin/mkdir -p
configure:2636: checking for gawk
configure:2652: found /usr/bin/gawk
configure:2663: result: gawk
configure:2674: checking whether make sets $(MAKE)
configure:2696: result: yes
configure:2725: checking whether make supports nested variables
configure:2742: result: yes
configure:2920: checking for gcc
configure:2936: found /usr/bin/gcc
configure:2947: result: gcc
configure:3176: checking for C compiler version
configure:3185: gcc --version >&5
gcc (GCC) 4.8.5 20150623 (Red Hat 4.8.5-36)
Copyright (C) 2015 Free Software Foundation, Inc.
This is free software; see the source for copying conditions.  There is NO
warranty; not even for MERCHANTABILITY or FITNESS FOR A PARTICULAR PURPOSE.

configure:3196: $? = 0
configure:3185: gcc -v >&5
Using built-in specs.
COLLECT_GCC=gcc
COLLECT_LTO_WRAPPER=/usr/libexec/gcc/x86_64-redhat-linux/4.8.5/lto-wrapper
Target: x86_64-redhat-linux
Configured with: ../configure --prefix=/usr --mandir=/usr/share/man --infodir=/usr/share/info --with-bugurl=http://bugzilla.redhat.com/bugzilla --enable-bootstrap --enable-shared --enable-threads=posix --enable-checking=release --with-system-zlib --enable-__cxa_atexit --disable-libunwind-exceptions --enable-gnu-unique-object --enable-linker-build-id --with-linker-hash-style=gnu --enable-languages=c,c++,objc,obj-c++,java,fortran,ada,go,lto --enable-plugin --enable-initfini-array --disable-libgcj --with-isl=/builddir/build/BUILD/gcc-4.8.5-20150702/obj-x86_64-redhat-linux/isl-install --with-cloog=/builddir/build/BUILD/gcc-4.8.5-20150702/obj-x86_64-redhat-linux/cloog-install --enable-gnu-indirect-function --with-tune=generic --with-arch_32=x86-64 --build=x86_64-redhat-linux
Thread model: posix
gcc version 4.8.5 20150623 (Red Hat 4.8.5-36) (GCC) 
configure:3196: $? = 0
configure:3185: gcc -V >&5
gcc: error: unrecognized command line option '-V'
gcc: fatal error: no input files
compilation terminated.
configure:3196: $? = 4
configure:3185: gcc -qversion >&5
gcc: error: unrecognized command line option '-qversion'
gcc: fatal error: no input files
compilation terminated.
configure:3196: $? = 4
configure:3216: checking whether the C compiler works
configure:3238: gcc    conftest.c  >&5
configure:3242: $? = 0
configure:3290: result: yes
configure:3293: checking for C compiler default output file name
configure:3295: result: a.out
configure:3301: checking for suffix of executables
configure:3308: gcc -o conftest    conftest.c  >&5
configure:3312: $? = 0
configure:3334: result: 
configure:3356: checking whether we are cross compiling
configure:3364: gcc -o conftest    conftest.c  >&5
configure:3368: $? = 0
configure:3375: ./conftest
configure:3379: $? = 0
configure:3394: result: no
configure:3399: checking for suffix of object files
configure:3421: gcc -c   conftest.c >&5
configure:3425: $? = 0
configure:3446: result: o
configure:3450: checking whether we are using the GNU C compiler
configure:3469: gcc -c   conftest.c >&5
configure:3469: $? = 0
configure:3478: result: yes
configure:3487: checking whether gcc accepts -g
configure:3507: gcc -c -g  conftest.c >&5
configure:3507: $? = 0
configure:3548: result: yes
configure:3565: checking for gcc option to accept ISO C89
configure:3628: gcc  -c -g -O2  conftest.c >&5
configure:3628: $? = 0
configure:3641: result: none needed
configure:3666: checking whether gcc understands -c and -o together
configure:3688: gcc -c conftest.c -o conftest2.o
configure:3691: $? = 0
configure:3688: gcc -c conftest.c -o conftest2.o
configure:3691: $? = 0
configure:3703: result: yes
configure:3723: checking whether make supports the include directive
configure:3738: make -f confmf.GNU && cat confinc.out
this is the am__doit target
configure:3741: $? = 0
configure:3760: result: yes (GNU style)
configure:3785: checking dependency style of gcc
configure:3896: result: gcc3
configure:3915: checking for pthread_create in -lpthread
configure:3940: gcc -o conftest -g -O2 -Wall   conftest.c -lpthread   >&5
configure:3940: $? = 0
configure:3949: result: yes
configure:3960: checking for g_hash_table_new in -lglib
configure:3985: gcc -o conftest -g -O2 -Wall   conftest.c -lglib  -lpthread  >&5
configure:3985: $? = 0
configure:3994: result: yes
configure:4005: checking for g_thread_init in -lglib
configure:4030: gcc -o conftest -g -O2 -Wall   conftest.c -lglib  -lpthread  >&5
/tmp/cci0f9TU.o: In function `main':
/root/lpf/lbw/conftest.c:23: undefined reference to `g_thread_init'
collect2: error: ld returned 1 exit status
configure:4030: $? = 1
configure: failed program was:
| /* confdefs.h */
| #define PACKAGE_NAME "destor"
| #define PACKAGE_TARNAME "destor"
| #define PACKAGE_VERSION "2.0"
| #define PACKAGE_STRING "destor 2.0"
| #define PACKAGE_BUGREPORT "fumin@hust.edu.cn"
| #define PACKAGE_URL ""
| #define PACKAGE "destor"
| #define VERSION "2.0"
| #define HAVE_LIBPTHREAD 1
| /* end confdefs.h.  */
| 
| /* Override any GCC internal prototype to avoid an error.
|    Use char because int might match the return type of a GCC
|    builtin and then its argument prototype would still apply.  */
| #ifdef __cplusplus
| extern "C"
| #endif
| char g_thread_init ();
| int
| main ()
| {
| return g_thread_init ();
|   ;
|   return 0;
| }
configure:4039: result: no
configure:4050: checking for SHA_Update in -lcrypto
configure:4075: gcc -o conftest -g -O2 -Wall   conftest.c -lcrypto  -lpthread  >&5
configure:4075: $? = 0
configure:4084: result: yes
configure:4142: checking for ranlib
configure:4158: found /usr/bin/ranlib
configure:4169: result: ranlib
configure:4198: checking how to run the C preprocessor
configure:4229: gcc -E  conftest.c
configure:4229: $? = 0
configure:4243: gcc -E  conftest.c
conftest.c:12:28: fatal error: ac_nonexistent.h: No such file or directory
 #include <ac_nonexistent.h>
                            ^
compilation terminated.
configure:4243: $? = 1
configure: failed program was:
| /* confdefs.h */
| #define PACKAGE_NAME "destor"
| #define PACKAGE_TARNAME "destor"
| #define PACKAGE_VERSION "2.0"
| #define PACKAGE_STRING "destor 2.0"
| #define PACKAGE_BUGREPORT "fumin@hust.edu.cn"
| #define PACKAGE_URL ""
| #define PACKAGE "destor"
| #define VERSION "2.0"
| #define HAVE_LIBPTHREAD 1
| /* end confdefs.h.  */
| #include <ac_nonexistent.h>
configure:4268: result: gcc -E
configure:4288: gcc -E  conftest.c
configure:4288: $? = 0
configure:4302: gcc -E  conftest.c
conftest.c:12:28: fatal error: ac_nonexistent.h: No such file or directory
 #include <ac_nonexistent.h>
                            ^
compilation terminated.
configure:4302: $? = 1
configure: failed program was:
| /* confdefs.h */
| #define PACKAGE_NAME "destor"
| #define PACKAGE_TARNAME "destor"
| #define PACKAGE_VERSION "2.0"
| #define PACKAGE_STRING "destor 2.0"
| #define PACKAGE_BUGREPORT "fumin@hust.edu.cn"
| #define PACKAGE_URL ""
| #define PACKAGE "destor"
| #define VERSION "2.0"
| #define HAVE_LIBPTHREAD 1
| /* end confdefs.h.  */
| #include <ac_nonexistent.h>
configure:4331: checking for grep that handles long lines and -e
configure:4389: result: /usr/bin/grep
configure:4394: checking for egrep
configure:4456: result: /usr/bin/grep -E
configure:4461: checking for ANSI C header files
configure:4481: gcc -c -g -O2 -Wall  conftest.c >&5
configure:4481: $? = 0
configure:4554: gcc -o conftest -g -O2 -Wall   conftest.c -lpthread  >&5
configure:4554: $? = 0
configure:4554: ./conftest
configure:4554: $? = 0
configure:4565: result: yes
configure:4578: checking for sys/types.h
configure:4578: gcc -c -g -O2 -Wall  conftest.c >&5
configure:4578: $? = 0
configure:4578: result: yes
configure:4578: checking for sys/stat.h
configure:4578: gcc -c -g -O2 -Wall  conftest.c >&5
configure:4578: $? = 0
configure:4578: result: yes
configure:4578: checking for stdlib.h
configure:4578: gcc -c -g -O2 -Wall  conftest.c >&5
configure:4578: $? = 0
configure:4578: result: yes
configure:4578: checking for string.h
configure:4578: gcc -c -g -O2 -Wall  conftest.c >&5
configure:4578: $? = 0
configure:4578: result: yes
configure:4578: checking for memory.h
configure:4578: gcc -c -g -O2 -Wall  conftest.c >&5
configure:4578: $? = 0
configure:4578: result: yes
configure:4578: checking for strings.h
configure:4578: gcc -c -g -O2 -Wall  conftest.c >&5
configure:4578: $? = 0
configure:4578: result: yes
configure:4578: checking for inttypes.h
configure:4578: gcc -c -g -O2 -Wall  conftest.c >&5
configure:4578: $? = 0
configure:4578: result: yes
configure:4578: checking for stdint.h
configure:4578: gcc -c -g -O2 -Wall  conftest.c >&5
configure:4578: $? = 0
configure:4578: result: yes
configure:4578: checking for unistd.h
configure:4578: gcc -c -g -O2 -Wall  conftest.c >&5
configure:4578: $? = 0
configure:4578: result: yes
configure:4593: checking arpa/inet.h usability
configure:4593: gcc -c -g -O2 -Wall  conftest.c >&5
configure:4593: $? = 0
configure:4593: result: yes
configure:4593: checking arpa/inet.h presence
configure:4593: gcc -E  conftest.c
configure:4593: $? = 0
configure:4593: result: yes
configure:4593: checking for arpa/inet.h
configure:4593: result: yes
configure:4593: checking fcntl.h usability
configure:4593: gcc -c -g -O2 -Wall  conftest.c >&5
configure:4593: $? = 0
configure:4593: result: yes
configure:4593: checking fcntl.h presence
configure:4593: gcc -E  conftest.c
configure:4593: $? = 0
configure:4593: result: yes
configure:4593: checking for fcntl.h
configure:4593: result: yes
configure:4593: checking for stdint.h
configure:4593: result: yes
configure:4593: checking for stdlib.h
configure:4593: result: yes
configure:4593: checking for string.h
configure:4593: result: yes
configure:4593: checking sys/socket.h usability
configure:4593: gcc -c -g -O2 -Wall  conftest.c >&5
configure:4593: $? = 0
configure:4593: result: yes
configure:4593: checking sys/socket.h presence
configure:4593: gcc -E  conftest.c
configure:4593: $? = 0
configure:4593: result: yes
configure:4593: checking for sys/socket.h
configure:4593: result: yes
configure:4593: checking sys/time.h usability
configure:4593: gcc -c -g -O2 -Wall  conftest.c >&5
configure:4593: $? = 0
configure:4593: result: yes
configure:4593: checking sys/time.h presence
configure:4593: gcc -E  conftest.c
configure:4593: $? = 0
configure:4593: result: yes
configure:4593: checking for sys/time.h
configure:4593: result: yes
configure:4593: checking for unistd.h
configure:4593: result: yes
configure:4605: checking glib.h usability
configure:4605: gcc -c -g -O2 -Wall  conftest.c >&5
configure:4605: $? = 0
configure:4605: result: yes
configure:4605: checking glib.h presence
configure:4605: gcc -E  conftest.c
configure:4605: $? = 0
configure:4605: result: yes
configure:4605: checking for glib.h
configure:4605: result: yes
configure:4622: checking openssl/sha.h usability
configure:4622: gcc -c -g -O2 -Wall  conftest.c >&5
configure:4622: $? = 0
configure:4622: result: yes
configure:4622: checking openssl/sha.h presence
configure:4622: gcc -E  conftest.c
configure:4622: $? = 0
configure:4622: result: yes
configure:4622: checking for openssl/sha.h
configure:4622: result: yes
configure:4643: checking for inline
configure:4659: gcc -c -g -O2 -Wall  conftest.c >&5
configure:4659: $? = 0
configure:4667: result: inline
configure:4685: checking for int32_t
configure:4685: gcc -c -g -O2 -Wall  conftest.c >&5
configure:4685: $? = 0
configure:4685: gcc -c -g -O2 -Wall  conftest.c >&5
conftest.c: In function 'main':
conftest.c:70:53: warning: integer overflow in expression [-Woverflow]
    < (int32_t) (((((int32_t) 1 << N) << N) - 1) * 2 + 2))];
                                                     ^
conftest.c:69:12: error: storage size of 'test_array' isn't constant
 static int test_array [1 - 2 * !((int32_t) (((((int32_t) 1 << N) << N) - 1) * 2 + 1)
            ^
conftest.c:69:12: warning: unused variable 'test_array' [-Wunused-variable]
configure:4685: $? = 1
configure: failed program was:
| /* confdefs.h */
| #define PACKAGE_NAME "destor"
| #define PACKAGE_TARNAME "destor"
| #define PACKAGE_VERSION "2.0"
| #define PACKAGE_STRING "destor 2.0"
| #define PACKAGE_BUGREPORT "fumin@hust.edu.cn"
| #define PACKAGE_URL ""
| #define PACKAGE "destor"
| #define VERSION "2.0"
| #define HAVE_LIBPTHREAD 1
| #define STDC_HEADERS 1
| #define HAVE_SYS_TYPES_H 1
| #define HAVE_SYS_STAT_H 1
| #define HAVE_STDLIB_H 1
| #define HAVE_STRING_H 1
| #define HAVE_MEMORY_H 1
| #define HAVE_STRINGS_H 1
| #define HAVE_INTTYPES_H 1
| #define HAVE_STDINT_H 1
| #define HAVE_UNISTD_H 1
| #define HAVE_ARPA_INET_H 1
| #define HAVE_FCNTL_H 1
| #define HAVE_STDINT_H 1
| #define HAVE_STDLIB_H 1
| #define HAVE_STRING_H 1
| #define HAVE_SYS_SOCKET_H 1
| #define HAVE_SYS_TIME_H 1
| #define HAVE_UNISTD_H 1
| #define HAVE_GLIB_H 1
| #define HAVE_OPENSSL_SHA_H 1
| /* end confdefs.h.  */
| #include <stdio.h>
| #ifdef HAVE_SYS_TYPES_H
| # include <sys/types.h>
| #endif
| #ifdef HAVE_SYS_STAT_H
| # include <sys/stat.h>
| #endif
| #ifdef STDC_HEADERS
| # include <stdlib.h>
| # include <stddef.h>
| #else
| # ifdef HAVE_STDLIB_H
| #  include <stdlib.h>
| # endif
| #endif
| #ifdef HAVE_STRING_H
| # if !defined STDC_HEADERS && defined HAVE_MEMORY_H
| #  include <memory.h>
| # endif
| # include <string.h>
| #endif
| #ifdef HAVE_STRINGS_H
| # include <strings.h>
| #endif
| #ifdef HAVE_INTTYPES_H
| # include <inttypes.h>
| #endif
| #ifdef HAVE_STDINT_H
| # include <stdint.h>
| #endif
| #ifdef HAVE_UNISTD_H
| # include <unistd.h>
| #endif
| 	        enum { N = 32 / 2 - 1 };
| int
| main ()
| {
| static int test_array [1 - 2 * !((int32_t) (((((int32_t) 1 << N) << N) - 1) * 2 + 1)
| 		 < (int32_t) (((((int32_t) 1 << N) << N) - 1) * 2 + 2))];
| test_array [0] = 0;
| return test_array [0];
| 
|   ;
|   return 0;
| }
configure:4685: result: yes
configure:4696: checking for int64_t
configure:4696: gcc -c -g -O2 -Wall  conftest.c >&5
configure:4696: $? = 0
configure:4696: gcc -c -g -O2 -Wall  conftest.c >&5
conftest.c: In function 'main':
conftest.c:70:53: warning: integer overflow in expression [-Woverflow]
    < (int64_t) (((((int64_t) 1 << N) << N) - 1) * 2 + 2))];
                                                     ^
conftest.c:69:12: error: storage size of 'test_array' isn't constant
 static int test_array [1 - 2 * !((int64_t) (((((int64_t) 1 << N) << N) - 1) * 2 + 1)
            ^
conftest.c:69:12: warning: unused variable 'test_array' [-Wunused-variable]
configure:4696: $? = 1
configure: failed program was:
| /* confdefs.h */
| #define PACKAGE_NAME "destor"
| #define PACKAGE_TARNAME "destor"
| #define PACKAGE_VERSION "2.0"
| #define PACKAGE_STRING "destor 2.0"
| #define PACKAGE_BUGREPORT "fumin@hust.edu.cn"
| #define PACKAGE_URL ""
| #define PACKAGE "destor"
| #define VERSION "2.0"
| #define HAVE_LIBPTHREAD 1
| #define STDC_HEADERS 1
| #define HAVE_SYS_TYPES_H 1
| #define HAVE_SYS_STAT_H 1
| #define HAVE_STDLIB_H 1
| #define HAVE_STRING_H 1
| #define HAVE_MEMORY_H 1
| #define HAVE_STRINGS_H 1
| #define HAVE_INTTYPES_H 1
| #define HAVE_STDINT_H 1
| #define HAVE_UNISTD_H 1
| #define HAVE_ARPA_INET_H 1
| #define HAVE_FCNTL_H 1
| #define HAVE_STDINT_H 1
| #define HAVE_STDLIB_H 1
| #define HAVE_STRING_H 1
| #define HAVE_SYS_SOCKET_H 1
| #define HAVE_SYS_TIME_H 1
| #define HAVE_UNISTD_H 1
| #define HAVE_GLIB_H 1
| #define HAVE_OPENSSL_SHA_H 1
| /* end confdefs.h.  */
| #include <stdio.h>
| #ifdef HAVE_SYS_TYPES_H
| # include <sys/types.h>
| #endif
| #ifdef HAVE_SYS_STAT_H
| # include <sys/stat.h>
| #endif
| #ifdef STDC_HEADERS
| # include <stdlib.h>
| # include <stddef.h>
| #else
| # ifdef HAVE_STDLIB_H
| #  include <stdlib.h>
| # endif
| #endif
| #ifdef HAVE_STRING_H
| # if !defined STDC_HEADERS && defined HAVE_MEMORY_H
| #  include <memory.h>
| # endif
| # include <string.h>
| #endif
| #ifdef HAVE_STRINGS_H
| # include <strings.h>
| #endif
| #ifdef HAVE_INTTYPES_H
| # include <inttypes.h>
| #endif
| #ifdef HAVE_STDINT_H
| # include <stdint.h>
| #endif
| #ifdef HAVE_UNISTD_H
| # include <unistd.h>
| #endif
| 	        enum { N = 64 / 2 - 1 };
| int
| main ()
| {
| static int test_array [1 - 2 * !((int64_t) (((((int64_t) 1 << N) << N) - 1) * 2 + 1)
| 		 < (int64_t) (((((int64_t) 1 << N) << N) - 1) * 2 + 2))];
| test_array [0] = 0;
| return test_array [0];
| 
|   ;
|   return 0;
| }
configure:4696: result: yes
configure:4707: checking for off_t
configure:4707: gcc -c -g -O2 -Wall  conftest.c >&5
configure:4707: $? = 0
configure:4707: gcc -c -g -O2 -Wall  conftest.c >&5
conftest.c: In function 'main':
conftest.c:68:20: error: expected expression before ')' token
 if (sizeof ((off_t)))
                    ^
configure:4707: $? = 1
configure: failed program was:
| /* confdefs.h */
| #define PACKAGE_NAME "destor"
| #define PACKAGE_TARNAME "destor"
| #define PACKAGE_VERSION "2.0"
| #define PACKAGE_STRING "destor 2.0"
| #define PACKAGE_BUGREPORT "fumin@hust.edu.cn"
| #define PACKAGE_URL ""
| #define PACKAGE "destor"
| #define VERSION "2.0"
| #define HAVE_LIBPTHREAD 1
| #define STDC_HEADERS 1
| #define HAVE_SYS_TYPES_H 1
| #define HAVE_SYS_STAT_H 1
| #define HAVE_STDLIB_H 1
| #define HAVE_STRING_H 1
| #define HAVE_MEMORY_H 1
| #define HAVE_STRINGS_H 1
| #define HAVE_INTTYPES_H 1
| #define HAVE_STDINT_H 1
| #define HAVE_UNISTD_H 1
| #define HAVE_ARPA_INET_H 1
| #define HAVE_FCNTL_H 1
| #define HAVE_STDINT_H 1
| #define HAVE_STDLIB_H 1
| #define HAVE_STRING_H 1
| #define HAVE_SYS_SOCKET_H 1
| #define HAVE_SYS_TIME_H 1
| #define HAVE_UNISTD_H 1
| #define HAVE_GLIB_H 1
| #define HAVE_OPENSSL_SHA_H 1
| /* end confdefs.h.  */
| #include <stdio.h>
| #ifdef HAVE_SYS_TYPES_H
| # include <sys/types.h>
| #endif
| #ifdef HAVE_SYS_STAT_H
| # include <sys/stat.h>
| #endif
| #ifdef STDC_HEADERS
| # include <stdlib.h>
| # include <stddef.h>
| #else
| # ifdef HAVE_STDLIB_H
| #  include <stdlib.h>
| # endif
| #endif
| #ifdef HAVE_STRING_H
| # if !defined STDC_HEADERS && defined HAVE_MEMORY_H
| #  include <memory.h>
| # endif
| # include <string.h>
| #endif
| #ifdef HAVE_STRINGS_H
| # include <strings.h>
| #endif
| #ifdef HAVE_INTTYPES_H
| # include <inttypes.h>
| #endif
| #ifdef HAVE_STDINT_H
| # include <stdint.h>
| #endif
| #ifdef HAVE_UNISTD_H
| # include <unistd.h>
| #endif
| int
| main ()
| {
| if (sizeof ((off_t)))
| 	    return 0;
|   ;
|   return 0;
| }
configure:4707: result: yes
configure:4718: checking for size_t
configure:4718: gcc -c -g -O2 -Wall  conftest.c >&5
configure:4718: $? = 0
configure:4718: gcc -c -g -O2 -Wall  conftest.c >&5
conftest.c: In function 'main':
conftest.c:68:21: error: expected expression before ')' token
 if (sizeof ((size_t)))
                     ^
configure:4718: $? = 1
configure: failed program was:
| /* confdefs.h */
| #define PACKAGE_NAME "destor"
| #define PACKAGE_TARNAME "destor"
| #define PACKAGE_VERSION "2.0"
| #define PACKAGE_STRING "destor 2.0"
| #define PACKAGE_BUGREPORT "fumin@hust.edu.cn"
| #define PACKAGE_URL ""
| #define PACKAGE "destor"
| #define VERSION "2.0"
| #define HAVE_LIBPTHREAD 1
| #define STDC_HEADERS 1
| #define HAVE_SYS_TYPES_H 1
| #define HAVE_SYS_STAT_H 1
| #define HAVE_STDLIB_H 1
| #define HAVE_STRING_H 1
| #define HAVE_MEMORY_H 1
| #define HAVE_STRINGS_H 1
| #define HAVE_INTTYPES_H 1
| #define HAVE_STDINT_H 1
| #define HAVE_UNISTD_H 1
| #define HAVE_ARPA_INET_H 1
| #define HAVE_FCNTL_H 1
| #define HAVE_STDINT_H 1
| #define HAVE_STDLIB_H 1
| #define HAVE_STRING_H 1
| #define HAVE_SYS_SOCKET_H 1
| #define HAVE_SYS_TIME_H 1
| #define HAVE_UNISTD_H 1
| #define HAVE_GLIB_H 1
| #define HAVE_OPENSSL_SHA_H 1
| /* end confdefs.h.  */
| #include <stdio.h>
| #ifdef HAVE_SYS_TYPES_H
| # include <sys/types.h>
| #endif
| #ifdef HAVE_SYS_STAT_H
| # include <sys/stat.h>
| #endif
| #ifdef STDC_HEADERS
| # include <stdlib.h>
| # include <stddef.h>
| #else
| # ifdef HAVE_STDLIB_H
| #  include <stdlib.h>
| # endif
| #endif
| #ifdef HAVE_STRING_H
| # if !defined STDC_HEADERS && defined HAVE_MEMORY_H
| #  include <memory.h>
| # endif
| # include <string.h>
| #endif
| #ifdef HAVE_STRINGS_H
| # include <strings.h>
| #endif
| #ifdef HAVE_INTTYPES_H
| # include <inttypes.h>
| #endif
| #ifdef HAVE_STDINT_H
| # include <stdint.h>
| #endif
| #ifdef HAVE_UNISTD_H
| # include <unistd.h>
| #endif
| int
| main ()
| {
| if (sizeof ((size_t)))
| 	    return 0;
|   ;
|   return 0;
| }
configure:4718: result: yes
configure:4729: checking for uint32_t
configure:4729: gcc -c -g -O2 -Wall  conftest.c >&5
configure:4729: $? = 0
configure:4729: result: yes
configure:4743: checking for uint64_t
configure:4743: gcc -c -g -O2 -Wall  conftest.c >&5
configure:4743: $? = 0
configure:4743: result: yes
configure:4757: checking for uint8_t
configure:4757: gcc -c -g -O2 -Wall  conftest.c >&5
configure:4757: $? = 0
configure:4757: result: yes
configure:4775: checking for stdlib.h
configure:4775: result: yes
configure:4785: checking for GNU libc compatible malloc
configure:4809: gcc -o conftest -g -O2 -Wall   conftest.c -lpthread  >&5
configure:4809: $? = 0
configure:4809: ./conftest
configure:4809: $? = 0
configure:4819: result: yes
configure:4953: checking that generated files are newer than configure
configure:4959: result: done
configure:4982: creating ./config.status

## ---------------------- ##
## Running config.status. ##
## ---------------------- ##

This file was extended by destor config.status 2.0, which was
generated by GNU Autoconf 2.69.  Invocation command line was

  CONFIG_FILES    = 
  CONFIG_HEADERS  = 
  CONFIG_LINKS    = 
  CONFIG_COMMANDS = 
  $ ./config.status 

on localhost.localdomain

config.status:873: creating Makefile
config.status:873: creating src/Makefile
config.status:873: creating src/utils/Makefile
config.status:873: creating src/index/Makefile
config.status:873: creating src/recipe/Makefile
config.status:873: creating src/storage/Makefile
config.status:873: creating src/chunking/Makefile
config.status:873: creating src/fsl/Makefile
config.status:873: creating config.h
config.status:1102: executing depfiles commands
config.status:1179: cd src       && sed -e '/# am--include-marker/d' Makefile         | make -f - am--depfiles
config.status:1184: $? = 0
config.status:1179: cd src/utils       && sed -e '/# am--include-marker/d' Makefile         | make -f - am--depfiles
config.status:1184: $? = 0
config.status:1179: cd src/index       && sed -e '/# am--include-marker/d' Makefile         | make -f - am--depfiles
config.status:1184: $? = 0
config.status:1179: cd src/recipe       && sed -e '/# am--include-marker/d' Makefile         | make -f - am--depfiles
config.status:1184: $? = 0
config.status:1179: cd src/storage       && sed -e '/# am--include-marker/d' Makefile         | make -f - am--depfiles
config.status:1184: $? = 0
config.status:1179: cd src/chunking       && sed -e '/# am--include-marker/d' Makefile         | make -f - am--depfiles
config.status:1184: $? = 0
config.status:1179: cd src/fsl       && sed -e '/# am--include-marker/d' Makefile         | make -f - am--depfiles
config.status:1184: $? = 0

## ---------------- ##
## Cache variables. ##
## ---------------- ##

ac_cv_c_compiler_gnu=yes
ac_cv_c_inline=inline
ac_cv_c_int32_t=yes
ac_cv_c_int64_t=yes
ac_cv_c_uint32_t=yes
ac_cv_c_uint64_t=yes
ac_cv_c_uint8_t=yes
ac_cv_env_CC_set=
ac_cv_env_CC_value=
ac_cv_env_CFLAGS_set=
ac_cv_env_CFLAGS_value=
ac_cv_env_CPPFLAGS_set=
ac_cv_env_CPPFLAGS_value=
ac_cv_env_CPP_set=
ac_cv_env_CPP_value=
ac_cv_env_LDFLAGS_set=
ac_cv_env_LDFLAGS_value=
ac_cv_env_LIBS_set=
ac_cv_env_LIBS_value=
ac_cv_env_build_alias_set=
ac_cv_env_build_alias_value=
ac_cv_env_host_alias_set=
ac_cv_env_host_alias_value=
ac_cv_env_target_alias_set=
ac_cv_env_target_alias_value=
ac_cv_func_malloc_0_nonnull=yes
ac_cv_header_arpa_inet_h=yes
ac_cv_header_fcntl_h=yes
ac_cv_header_glib_h=yes
ac_cv_header_inttypes_h=yes
ac_cv_header_memory_h=yes
ac_cv_header_openssl_sha_h=yes
ac_cv_header_stdc=yes
ac_cv_header_stdint_h=yes
ac_cv_header_stdlib_h=yes
ac_cv_header_string_h=yes
ac_cv_header_strings_h=yes
ac_cv_header_sys_socket_h=yes
ac_cv_header_sys_stat_h=yes
ac_cv_header_sys_time_h=yes
ac_cv_header_sys_types_h=yes
ac_cv_header_unistd_h=yes
ac_cv_lib_crypto_SHA_Update=yes
ac_cv_lib_glib_g_hash_table_new=yes
ac_cv_lib_glib_g_thread_init=no
ac_cv_lib_pthread_pthread_create=yes
ac_cv_objext=o
ac_cv_path_EGREP='/usr/bin/grep -E'
ac_cv_path_GREP=/usr/bin/grep
ac_cv_path_install='/usr/bin/install -c'
ac_cv_path_mkdir=/usr/bin/mkdir
ac_cv_prog_AWK=gawk
ac_cv_prog_CPP='gcc -E'
ac_cv_prog_ac_ct_CC=gcc
ac_cv_prog_ac_ct_RANLIB=ranlib
ac_cv_prog_cc_c89=
ac_cv_prog_cc_g=yes
ac_cv_prog_make_make_set=yes
ac_cv_type_off_t=yes
ac_cv_type_size_t=yes
am_cv_CC_dependencies_compiler_type=gcc3
am_cv_make_support_nested_variables=yes
am_cv_prog_cc_c_o=yes

## ----------------- ##
## Output variables. ##
## ----------------- ##

ACLOCAL='aclocal-1.16'
AMDEPBACKSLASH='\'
AMDEP_FALSE='#'
AMDEP_TRUE=''
AMTAR='$${TAR-tar}'
AM_BACKSLASH='\'
AM_DEFAULT_V='$(AM_DEFAULT_VERBOSITY)'
AM_DEFAULT_VERBOSITY='1'
AM_V='$(V)'
AUTOCONF='autoconf'
AUTOHEADER='autoheader'
AUTOMAKE='automake-1.16'
AWK='gawk'
CC='gcc'
CCDEPMODE='depmode=gcc3'
CFLAGS='-g -O2 -Wall'
CPP='gcc -E'
CPPFLAGS=''
CYGPATH_W='echo'
DEFS='-DHAVE_CONFIG_H'
DEPDIR='.deps'
ECHO_C=''
ECHO_N='-n'
ECHO_T=''
EGREP='/usr/bin/grep -E'
EXEEXT=''
GREP='/usr/bin/grep'
INSTALL_DATA='${INSTALL} -m 644'
INSTALL_PROGRAM='${INSTALL}'
INSTALL_SCRIPT='${INSTALL}'
INSTALL_STRIP_PROGRAM='$(install_sh) -c -s'
LDFLAGS=''
LIBOBJS=''
LIBS='-lpthread '
LTLIBOBJS=''
MAKEINFO='makeinfo'
MKDIR_P='/usr/bin/mkdir -p'
OBJEXT='o'
PACKAGE='destor'
PACKAGE_BUGREPORT='fumin@hust.edu.cn'
PACKAGE_NAME='destor'
PACKAGE_STRING='destor 2.0'
PACKAGE_TARNAME='destor'
PACKAGE_URL=''
PACKAGE_VERSION='2.0'
PATH_SEPARATOR=':'
RANLIB='ranlib'
SET_MAKE=''
SHELL='/bin/sh'
STRIP=''
VERSION='2.0'
ac_ct_CC='gcc'
am__EXEEXT_FALSE=''
am__EXEEXT_TRUE='#'
am__fastdepCC_FALSE='#'
am__fastdepCC_TRUE=''
am__include='include'
am__isrc=''
am__leading_dot='.'
am__nodep='_no'
am__quote=''
am__tar='$${TAR-tar} chof - "$$tardir"'
am__untar='$${TAR-tar} xf -'
bindir='${exec_prefix}/bin'
build_alias=''
datadir='${datarootdir}'
datarootdir='${prefix}/share'
docdir='${datarootdir}/doc/${PACKAGE_TARNAME}'
dvidir='${docdir}'
exec_prefix='${prefix}'
host_alias=''
htmldir='${docdir}'
includedir='${prefix}/include'
infodir='${datarootdir}/info'
install_sh='${SHELL} /root/lpf/lbw/install-sh'
libdir='${exec_prefix}/lib'
libexecdir='${exec_prefix}/libexec'
localedir='${datarootdir}/locale'
localstatedir='${prefix}/var'
mandir='${datarootdir}/man'
mkdir_p='$(MKDIR_P)'
oldincludedir='/usr/include'
pdfdir='${docdir}'
prefix='/usr/local'
program_transform_name='s,x,x,'
psdir='${docdir}'
sbindir='${exec_prefix}/sbin'
sharedstatedir='${prefix}/com'
sysconfdir='${prefix}/etc'
target_alias=''

## ----------- ##
## confdefs.h. ##
## ----------- ##

/* confdefs.h */
#define PACKAGE_NAME "destor"
#define PACKAGE_TARNAME "destor"
#define PACKAGE_VERSION "2.0"
#define PACKAGE_STRING "destor 2.0"
#define PACKAGE_BUGREPORT "fumin@hust.edu.cn"
#define PACKAGE_URL ""
#define PACKAGE "destor"
#define VERSION "2.0"
#define HAVE_LIBPTHREAD 1
#define STDC_HEADERS 1
#define HAVE_SYS_TYPES_H 1
#define HAVE_SYS_STAT_H 1
#define HAVE_STDLIB_H 1
#define HAVE_STRING_H 1
#define HAVE_MEMORY_H 1
#define HAVE_STRINGS_H 1
#define HAVE_INTTYPES_H 1
#define HAVE_STDINT_H 1
#define HAVE_UNISTD_H 1
#define HAVE_ARPA_INET_H 1
#define HAVE_FCNTL_H 1
#define HAVE_STDINT_H 1
#define HAVE_STDLIB_H 1
#define HAVE_STRING_H 1
#define HAVE_SYS_SOCKET_H 1
#define HAVE_SYS_TIME_H 1
#define HAVE_UNISTD_H 1
#define HAVE_GLIB_H 1
#define HAVE_OPENSSL_SHA_H 1
#define HAVE_STDLIB_H 1
#define HAVE_MALLOC 1

configure: exit 0

## ---------------------- ##
## Running config.status. ##
## ---------------------- ##

This file was extended by destor config.status 2.0, which was
generated by GNU Autoconf 2.69.  Invocation command line was

  CONFIG_FILES    = 
  CONFIG_HEADERS  = 
  CONFIG_LINKS    = 
  CONFIG_COMMANDS = 
  $ ./config.status src/Makefile depfiles

on localhost.localdomain

config.status:873: creating src/Makefile
config.status:1102: executing depfiles commands
config.status:1179: cd src       && sed -e '/# am--include-marker/d' Makefile         | make -f - am--depfiles
make[3]: Entering directory `/root/lpf/lbw/src'
make[3]: Leaving directory `/root/lpf/lbw/src'
config.status:1184: $? = 0

## ---------------------- ##
## Running config.status. ##
## ---------------------- ##

This file was extended by destor config.status 2.0, which was
generated by GNU Autoconf 2.69.  Invocation command line was

  CONFIG_FILES    = 
  CONFIG_HEADERS  = 
  CONFIG_LINKS    = 
  CONFIG_COMMANDS = 
  $ ./config.status src/Makefile depfiles

on localhost.localdomain

config.status:873: creating src/Makefile
config.status:1102: executing depfiles commands
config.status:1179: cd src       && sed -e '/# am--include-marker/d' Makefile         | make -f - am--depfiles
make[3]: Entering directory `/root/lpf/lbw/src'
make[3]: Leaving directory `/root/lpf/lbw/src'
config.status:1184: $? = 0
