0 140213394 42 3.1838 26.7411
1 141567013 46 2.9350 27.0000
2 141712936 47 2.8755 27.0266
3 139780800 54 2.4686 26.6592
4 139904209 56 2.3826 26.6829
5 140016706 57 2.3426 26.7044
6 140880269 60 2.2392 26.8690
0 140213394 42 3.1838 26.7421
1 141567013 46 2.9350 26.9973
2 141712936 47 2.8755 27.0281
3 139780800 54 2.4686 26.6594
4 139904209 56 2.3826 26.6826
5 140016706 55 2.4278 26.7045
6 140880269 57 2.3571 26.8692
0 140213394 42 3.1838 26.7409
1 141567013 54 2.5002 26.9981
2 141712936 55 2.4572 27.0280
3 139780800 62 2.1501 26.6594
4 139904209 63 2.1178 26.6829
5 140016706 71 1.8807 26.7044
6 140880269 78 1.7225 26.8691
0 140213394 42 3.1838 26.7421
1 141567013 49 2.7553 27.0001
2 141712936 51 2.6500 27.0275
3 139780800 57 2.3387 26.6587
4 139904209 59 2.2614 26.6828
5 140016706 69 1.9352 26.7034
6 140880269 81 1.6587 26.8690
0 140213394 43 3.1097 26.7418
1 141567013 50 2.7002 27.0001
2 141712936 52 2.5990 27.0267
3 139780800 58 2.2984 26.6593
4 139904209 61 2.1873 26.6831
5 140016706 70 1.9076 26.7043
6 140880269 80 1.6794 26.8688
2 141712936 47 2.8755 27.0280
0 140213394 42 3.1838 26.7412
1 141567013 46 2.9350 26.9984
2 141712936 47 2.8755 27.0240
3 139780800 54 2.4686 26.6590
4 139904209 56 2.3826 26.6830
5 140016706 55 2.4278 26.7045
6 140880269 58 2.3164 26.8689
6 140880269 57 2.3571 26.8692
5 140016706 55 2.4278 26.7005
6 140880269 59 2.2772 26.8692
5 140016706 57 2.3426 26.7042
6 140880269 60 2.2392 26.8689
5 140016706 57 2.3426 26.7034
4 139904209 54 2.4708 26.6829
6 140880269 60 2.2392 26.8653
5 140016706 57 2.3426 26.7039
4 139904209 56 2.3826 26.6824
6 140880269 57 2.3571 26.8683
5 140016706 56 2.3845 26.7044
6 140880269 63 2.1326 26.8682
5 140016706 59 2.2632 26.7044
4 139904209 54 2.4708 26.6830
3 139780800 52 2.5636 26.6594
2 141712936 47 2.8755 27.0279
6 140880269 59 2.2772 26.8688
5 140016706 56 2.3845 26.7041
4 139904209 56 2.3826 26.6814
6 140880269 58 2.3164 26.8692
5 140016706 56 2.3845 26.7045
4 139904209 56 2.3826 26.6829
13 176371842 215 0.7823 33.6382
12 176929219 206 0.8191 33.7435
11 176502284 127 1.3254 33.6625
10 175507465 123 1.3608 33.4704
9 174705667 119 1.4001 33.3200
8 172310819 108 1.5216 32.8637
7 173860261 103 1.6098 33.1590
6 140880269 58 2.3164 26.8691
0 140213394 42 3.1838 26.7419
13 176371842 120 1.4017 33.6375
12 176929219 128 1.3182 33.7442
11 176502284 115 1.4637 33.6628
10 175507465 114 1.4682 33.4733
