0 508462368 505411288 0.0060 0.0000 139 4 0 52 156878 156878 52 96.93
1 508482516 506552850 0.9978 0.0000 140 6 4 139 192 192 139 96.94
0 508462368 505727991 0.0054 0.0000 139 5 0 0 156 156 0 96.95
1 508482516 506869553 0.9978 0.0000 140 6 5 156 0 156 10 96.94
2 508486205 507161766 0.9994 0.0000 141 7 6 156 0 156 10 96.94
3 508492010 507902325 0.9985 0.0000 142 8 7 156 0 156 10 96.95
4 508516288 509392424 0.9971 0.0000 143 9 8 155 1 156 10 16.16
5 508540576 511162459 0.9965 0.0000 144 10 9 156 0 156 10 19.40
6 508547756 511704616 0.9989 0.0000 145 11 10 156 0 156 10 13.86
7 508554626 512336063 0.9988 0.0000 146 12 11 156 0 156 10 16.17
8 508569496 513055342 0.9986 0.0000 147 13 12 154 2 156 10 16.17
0 508462368 507028855 0.0028 0.0000 126 0 0 0 127 127 0 96.95
0 141567013 137408230 0.0294 0.0000 39 7 0 10 35233 35236 10 26.99
1 141712936 140978570 0.9748 0.0000 40 7 7 36 781 1072 36 27.02
2 141567013 140978570 1.0000 0.0000 39 7 7 64 0 301 64 26.99
0 141567013 137408230 0.0294 0.0000 39 7 0 10 35233 35236 10 26.99
1 141712936 140978570 0.9748 0.0000 40 7 7 36 781 1072 36 27.02
0 141567013 137408230 0.0294 0.0000 34 0 0 11 35233 35236 11 27.00
1 141712936 140978570 0.9748 0.0000 36 2 0 36 781 1072 36 27.02
0 141567013 137408230 0.0294 0.0000 34 0 0 11 35233 35236 11 26.99
0 141567013 138340758 0.0228 0.0000 34 0 0 7 36449 35333 7 27.00
1 141712936 141911098 0.9748 0.0000 36 1 0 36 782 1072 36 27.02
0 140213394 137455488 0.0197 0.0000 34 1 0 7 36298 35117 7 26.73
1 141567013 154724433 0.8780 0.0000 40 5 1 34 3095 3246 34 26.99
2 141712936 158287887 0.9749 0.0000 42 6 5 38 780 1070 38 27.02
3 139780800 176203353 0.8718 0.0000 48 13 6 45 3430 3664 45 26.65
4 139904209 180570332 0.9688 0.0000 51 15 11 40 914 1198 40 26.67
5 140016706 184994830 0.9684 0.0007 54 17 12 95 734 1086 95 26.70
0 140213394 137844657 0.0169 0.0000 34 0 0 6 36338 35139 6 26.74
1 141567013 155113602 0.8780 0.0000 40 5 0 34 3095 3246 34 26.99
2 141712936 158678776 0.9748 0.0000 42 6 5 38 780 1072 38 27.02
3 139780800 176601587 0.8718 0.0001 48 13 6 45 3430 3673 45 26.65
4 139904209 181053362 0.9682 0.0006 51 15 10 40 914 1291 40 26.67
5 140016706 192076161 0.9213 0.0478 52 16 9 94 734 2590 94 26.69
6 140880269 201279867 0.9347 0.0158 56 20 11 58 1228 2506 58 26.86
7 173860261 329918804 0.2601 0.0009 88 52 13 82 30896 30531 82 33.15
8 172310819 351134172 0.8769 0.0050 86 49 30 59 4044 4695 59 32.85
9 174705667 362389019 0.9356 0.0053 87 48 32 66 1729 2906 66 33.31
10 175507465 376375837 0.9203 0.0051 87 48 30 54 2559 3766 54 33.46
11 176502284 395699709 0.8905 0.0111 85 47 23 63 3604 4731 63 33.65
12 176929219 413805673 0.8977 0.0742 72 30 8 123 977 5665 123 33.73
13 176371842 421414277 0.9569 0.0316 71 31 12 53 588 3469 53 33.62
0 140213394 136793349 0.0244 0.0000 35 1 0 8 45182 43789 8 26.73
1 141567013 152404560 0.8897 0.0000 40 5 1 35 2797 2699 35 26.99
2 141712936 155902531 0.9753 0.0000 42 6 5 40 661 660 40 27.01
3 139780800 172424727 0.8818 0.0000 47 13 6 43 3097 3063 43 26.65
4 139904209 176726099 0.9693 0.0004 50 15 9 47 688 744 47 26.67
5 140016706 187433407 0.9235 0.0491 53 17 10 50 634 3491 50 26.69
6 140880269 197949047 0.9254 0.0277 57 22 10 54 1227 3046 54 26.85
0 4576651841 512776935 0.8880 0.0000 126 0 0 124 160415 158102 124 21.82
0 4576651841 512916186 0.8879 0.0000 141 1 0 948 160421 158244 948 145.47
0 140213394 137247357 0.0212 0.0000 42 8 0 11 45182 43921 11 26.74
0 140213394 136793349 0.0244 0.0000 35 1 0 8 45182 43789 8 26.73
0 486929615 484638589 0.0047 0.0000 119 1 0 11 153148 151022 11 92.83
1 486929615 484638589 1.0000 0.0000 119 1 1 119 0 0 119 92.84
0 486929615 484361007 0.0053 0.0000 134 7 0 33 153147 151071 33 92.85
0 53485688 52353743 0.0212 0.0000 13 0 0 4 13690 13426 4 10.20
0 140213394 137247357 0.0212 0.0000 42 8 0 11 45182 43921 11 26.74
1 141567013 152859191 0.8897 0.0000 46 11 8 42 2797 2700 42 26.99
2 141712936 156357162 0.9753 0.0000 47 11 8 46 661 660 46 27.02
3 139780800 172882488 0.8818 0.0000 51 18 8 48 3097 3069 48 13.33
4 139904209 177154968 0.9695 0.0002 53 20 9 51 688 695 51 13.34
5 140016706 186839618 0.9308 0.0418 55 20 8 53 634 2197 53 13.35
0 140213394 137247357 0.0212 0.0000 42 8 0 11 45182 43921 11 26.73
1 141567013 152859191 0.8897 0.0000 46 11 8 42 2797 2700 42 26.99
2 141712936 156357162 0.9753 0.0000 47 11 8 46 661 660 46 27.01
3 139780800 172882488 0.8818 0.0000 51 18 8 48 3097 3069 48 26.65
4 139904209 177154968 0.9695 0.0002 53 20 9 51 688 695 51 26.68
5 140016706 186839618 0.9308 0.0418 55 20 8 53 634 2197 53 26.13
6 140880269 196013631 0.9349 0.0182 58 23 9 56 1227 2100 56 13.43
7 173860261 318475149 0.2956 0.0003 91 54 10 63 36156 35347 63 33.14
8 172310819 337904959 0.8872 0.0026 94 57 28 92 3717 3727 92 16.43
9 174705667 347293620 0.9463 0.0027 94 56 26 97 2012 1715 97 8.33
0 140213394 136495658 0.0265 0.0000 42 8 0 17 44701 43711 17 26.73
1 141567013 152105921 0.8897 0.0000 46 11 7 42 2791 2699 42 26.99
2 141712936 155603892 0.9753 0.0000 47 11 8 46 661 660 46 27.02
3 139780800 172127688 0.8818 0.0000 51 17 8 49 3072 3065 49 26.65
4 139904209 176377816 0.9696 0.0000 53 19 9 51 688 687 51 26.67
5 140016706 180210253 0.9726 0.0000 53 18 9 52 634 633 52 26.70
6 140880269 186826930 0.9530 0.0000 55 20 9 54 1227 1226 54 26.86
7 173860261 309271394 0.2957 0.0000 89 53 9 62 36093 35334 62 33.15
8 172310819 328252303 0.8898 0.0000 94 57 28 89 3695 3611 89 32.85
9 174705667 337163146 0.9490 0.0000 98 61 29 95 2012 1568 95 33.31
0 486929615 484202064 0.0056 0.0000 134 7 0 47 152738 150905 47 92.84
1 486931057 484403596 0.9996 0.0000 135 8 7 134 29 29 134 15.46
2 486943972 485170777 0.9984 0.0000 136 9 8 135 112 112 135 18.57
3 486962430 486155522 0.9980 0.0000 137 10 9 136 177 177 136 18.57
4 486973379 486917568 0.9984 0.0000 138 11 10 137 127 127 137 18.57
5 486987558 488131647 0.9975 0.0000 139 12 11 138 197 197 138 18.58
6 486998395 489131689 0.9979 0.0000 140 13 12 139 165 165 139 18.58
7 487005590 489878491 0.9985 0.0000 141 14 13 140 122 122 140 18.57
8 487011825 490368544 0.9990 0.0000 142 15 14 141 82 82 141 18.58
9 487011700 490376314 1.0000 0.0000 143 16 15 142 1 1 142 18.58
0 140213394 136447431 0.0269 0.0000 35 2 0 14 44701 43695 14 26.74
1 141567013 152057071 0.8897 0.0000 40 4 2 35 2791 2698 35 26.99
2 141712936 155555042 0.9753 0.0000 42 5 4 40 661 660 40 27.02
3 139780800 172075377 0.8818 0.0000 47 12 5 44 3072 3061 44 26.65
4 139904209 176325505 0.9696 0.0000 50 14 9 47 688 687 47 26.67
5 140016706 180157942 0.9726 0.0000 51 15 9 49 634 633 49 26.32
6 140880269 186774619 0.9530 0.0000 54 18 11 52 1227 1226 52 26.85
7 173860261 309310712 0.2952 0.0000 83 46 12 60 36093 35249 60 33.14
8 172310819 328287674 0.8899 0.0000 88 50 28 82 3695 3606 82 32.85
9 174705667 337198517 0.9490 0.0000 94 57 31 90 2012 1568 90 33.29
0 486929615 484589021 0.0048 0.0000 119 1 0 20 152738 151002 20 92.84
1 486931057 484790553 0.9996 0.0000 120 2 1 119 29 29 119 92.83
2 486943972 485557734 0.9984 0.0000 122 4 2 120 112 112 120 92.84
3 486962430 486542479 0.9980 0.0000 124 6 4 122 177 177 122 92.82
4 486973379 487304525 0.9984 0.0000 126 8 6 124 127 127 124 92.82
5 486987558 488518604 0.9975 0.0000 128 10 8 126 197 197 126 92.84
6 486998395 489518646 0.9979 0.0000 130 12 10 128 165 165 128 92.84
7 487005590 490265448 0.9985 0.0000 132 14 12 130 122 122 130 92.84
8 487011825 490755501 0.9990 0.0000 134 16 14 132 82 82 132 92.83
9 487011700 490763271 1.0000 0.0000 135 17 16 134 1 1 134 92.84
0 140213394 136495658 0.0265 0.0000 42 8 0 17 44701 43711 17 13.37
1 141567013 152105921 0.8897 0.0000 46 11 7 42 2791 2699 42 13.50
2 141712936 155603892 0.9753 0.0000 47 11 8 46 661 660 46 13.51
3 139780800 172127688 0.8818 0.0000 51 17 8 49 3072 3065 49 13.33
4 139904209 176377816 0.9696 0.0000 53 19 9 51 688 687 51 13.34
5 140016706 180210253 0.9726 0.0000 53 18 9 52 634 633 52 13.35
6 140880269 186826930 0.9530 0.0000 55 20 9 54 1227 1226 54 13.43
7 173860261 309271394 0.2957 0.0000 89 53 9 62 36093 35334 62 11.05
8 172310819 328252303 0.8898 0.0000 94 57 28 89 3695 3611 89 16.43
9 174705667 337163146 0.9490 0.0000 98 61 29 95 2012 1568 95 10.73
0 140213394 137578412 0.0188 0.0000 40 7 0 13 36197 35340 13 26.74
1 141567013 154847357 0.8780 0.0000 45 11 7 40 3054 2974 40 26.99
2 141712936 158410811 0.9749 0.0000 46 11 10 45 780 779 45 27.02
3 139780800 176326277 0.8718 0.0000 51 17 10 47 3429 3393 47 26.65
4 139904209 180693256 0.9688 0.0000 53 18 12 51 914 903 51 26.68
5 140016706 185024885 0.9691 0.0000 55 19 12 53 734 733 53 26.70
0 140213394 136495658 0.0265 0.0000 42 8 0 17 44701 43711 17 26.73
1 141567013 152105921 0.8897 0.0000 46 11 7 42 2791 2699 42 26.99
2 141712936 155603892 0.9753 0.0000 47 11 8 46 661 660 46 27.02
0 140213394 137635875 0.0184 0.0000 39 6 0 13 35058 34218 13 26.73
1 141567013 153743794 0.8862 0.0000 43 9 6 39 2414 2355 39 26.99
2 141712936 157479834 0.9736 0.0000 44 9 8 43 621 620 43 27.02
0 486929615 485586787 0.0028 0.0000 121 1 0 21 123614 123212 21 18.57
0 140213394 137050484 0.0226 0.0000 40 6 0 14 45976 44933 14 26.74
0 140213394 136794653 0.0244 0.0000 34 0 0 11 45976 44859 11 26.74
0 140213394 137050484 0.0226 0.0000 40 6 0 14 45976 44933 14 26.73
1 141567013 151489898 0.8980 0.0000 44 9 6 40 3835 3642 40 26.99
2 141712936 154766916 0.9769 0.0000 45 10 8 44 894 893 44 27.02
3 139780800 171042060 0.8836 0.0000 49 17 8 46 4102 4077 46 26.65
4 139904209 174855871 0.9727 0.0000 50 17 9 49 986 983 49 26.68
5 140016706 178478818 0.9741 0.0000 51 17 8 50 908 907 50 26.24
6 140880269 185010911 0.9536 0.0000 53 18 9 52 1643 1641 52 26.86
7 173860261 309039780 0.2866 0.0000 88 49 9 62 39881 39246 62 33.14
8 172310819 327682152 0.8918 0.0000 91 53 27 87 4830 4726 87 32.85
9 174705667 336171085 0.9514 0.0000 95 56 29 92 2313 2215 92 33.30
0 140213394 137050484 0.0226 0.0000 40 6 0 14 45976 44933 14 26.74
1 141567013 151489898 0.8980 0.0000 44 9 6 40 3835 3642 40 26.99
2 141712936 154766916 0.9769 0.0000 45 10 8 44 894 893 44 27.02
0 140213394 137713283 0.0178 0.0000 39 6 0 8 29989 29198 8 26.74
1 141567013 156450860 0.8676 0.0000 44 10 6 39 2567 2486 39 26.99
2 141712936 161270214 0.9660 0.0000 46 12 8 44 698 697 44 27.02
3 139780800 180782272 0.8604 0.0000 51 17 9 47 2533 2529 47 26.65
4 139904209 186382134 0.9600 0.0000 53 19 11 51 791 789 51 26.67
5 140016706 191386853 0.9643 0.0000 55 21 11 53 635 635 53 26.70
6 140880269 199284145 0.9439 0.0000 57 24 12 56 1042 1042 56 26.86
7 173860261 329860414 0.2490 0.0000 89 53 11 59 26748 26379 59 33.14
8 172310819 351874632 0.8722 0.0000 95 58 34 89 2969 2907 89 32.85
9 174705667 363004483 0.9363 0.0000 100 63 38 97 1806 1547 97 33.30
0 140213394 136832793 0.0241 0.0000 51 16 0 9 29989 29103 9 26.74
1 141567013 155440426 0.8686 0.0000 56 18 14 51 2567 2468 51 27.00
2 141712936 160259780 0.9660 0.0000 58 20 15 56 698 697 56 27.02
3 139780800 179771838 0.8604 0.0000 63 25 16 59 2533 2529 59 26.65
4 139904209 185371700 0.9600 0.0000 65 28 18 63 791 789 63 26.67
5 140016706 190376419 0.9643 0.0000 67 30 18 65 635 635 65 26.70
6 140880269 198273711 0.9439 0.0000 69 32 18 68 1042 1042 68 26.86
7 173860261 328849980 0.2490 0.0000 112 74 17 74 26748 26379 74 33.14
8 172310819 350937920 0.8718 0.0000 118 79 45 112 2969 2916 112 32.85
9 174705667 362030861 0.9365 0.0000 123 83 48 120 1806 1542 120 33.30
10 486929615 847504609 0.0030 0.0000 156 21 3 26 88266 88020 26 92.81
11 486931057 847804536 0.9994 0.0000 157 22 18 157 40 40 157 18.57
12 486943972 848728705 0.9981 0.0000 158 24 19 158 122 122 158 15.48
0 140213394 137050484 0.0226 0.0000 40 6 0 14 45976 44933 14 26.74
1 141567013 151489898 0.8980 0.0000 44 9 6 40 3835 3642 40 26.99
2 141712936 154766916 0.9769 0.0000 45 10 8 44 894 893 44 27.02
3 139780800 171042060 0.8836 0.0000 49 17 8 46 4102 4077 46 26.65
4 139904209 174855871 0.9727 0.0000 50 17 9 49 986 983 49 26.68
5 140016706 178478818 0.9741 0.0000 51 17 8 50 908 907 50 26.69
6 140880269 185010911 0.9536 0.0000 53 18 9 52 1643 1641 52 26.86
7 173860261 309039780 0.2866 0.0000 88 49 9 62 39881 39246 62 33.14
8 172310819 327682152 0.8918 0.0000 91 53 27 87 4830 4726 87 32.30
9 174705667 336171085 0.9514 0.0000 95 56 29 92 2313 2215 92 33.31
0 140213394 137713283 0.0178 0.0000 39 6 0 8 29989 29198 8 26.74
0 140213394 136832793 0.0241 0.0000 51 16 0 9 29989 29103 9 26.74
1 141567013 155440426 0.8686 0.0000 56 18 14 51 2567 2468 51 26.99
2 141712936 160259780 0.9660 0.0000 58 20 15 56 698 697 56 27.02
3 139780800 179771838 0.8604 0.0000 63 25 16 59 2533 2529 59 26.65
4 139904209 185371700 0.9600 0.0000 65 28 18 63 791 789 63 26.67
5 140016706 190376419 0.9643 0.0000 67 30 18 65 635 635 65 26.69
6 140880269 198273711 0.9439 0.0000 69 32 18 68 1042 1042 68 26.85
7 173860261 328849980 0.2490 0.0000 112 74 17 74 26748 26379 74 33.14
8 172310819 350937920 0.8718 0.0000 118 79 45 112 2969 2916 112 32.84
9 174705667 362030861 0.9365 0.0000 123 83 48 120 1806 1542 120 33.30
0 140213394 137018023 0.0228 0.0000 38 2 0 5 29989 29119 5 26.74
1 141567013 155574351 0.8689 0.0000 44 6 2 38 2567 2460 38 26.99
2 141712936 160393705 0.9660 0.0000 47 8 6 44 698 697 44 27.02
3 139780800 179905763 0.8604 0.0000 52 13 7 47 2533 2529 47 26.65
4 139904209 185505625 0.9600 0.0000 55 16 10 52 791 789 52 26.67
0 140213394 137018023 0.0228 0.0000 38 2 0 5 29989 29119 5 26.74
1 141567013 155574351 0.8689 0.0000 44 6 2 38 2567 2460 38 26.99
2 141712936 160393705 0.9660 0.0000 47 8 6 44 698 697 44 27.02
3 139780800 179905763 0.8604 0.0000 52 13 7 47 2533 2529 47 26.65
4 139904209 185505625 0.9600 0.0000 55 16 10 52 791 789 52 26.67
5 140016706 190510344 0.9643 0.0000 59 19 12 56 635 635 56 26.69
6 140880269 198407636 0.9439 0.0000 62 24 15 60 1042 1042 60 26.86
7 173860261 329088229 0.2484 0.0000 96 56 14 63 26748 26393 63 33.14
8 172310819 351176169 0.8718 0.0000 102 63 36 95 2969 2916 95 32.85
9 174705667 362353633 0.9360 0.0000 109 69 42 105 1806 1554 105 33.30
0 1504952074 362137945 0.7594 0.0000 98 0 0 95 69523 68095 95 19.14
0 1504952074 362124972 0.7594 0.0000 120 12 0 117 69523 68099 117 143.50
0 33180398244 4584574470 0.8618 0.0000 1449 27 0 52469 822457 814429 52469 15.82
0 33180398244 4588217234 0.8617 0.0000 1266 5 0 40489 822457 814847 40489 14.68
0 33180398244 3951928525 0.8809 0.0000 993 2 0 39783 1185316 1174276 39783 16.83
0 33180398244 3952170741 0.8809 0.0000 1073 2 0 45207 1185316 1174334 45207 16.70
0 52213978555 543654203 0.9896 0.0000 140 0 0 11831 159036 158440 11831 22.03
0 1504952074 335841940 0.7768 0.0000 83 0 0 80 105615 103174 80 16.88
0 1504952074 335967918 0.7768 0.0000 85 0 0 82 105615 103204 82 95.67
0 1504952074 336001183 0.7767 0.0000 89 0 0 86 105615 103220 86 95.67
0 1504952074 362132875 0.7594 0.0000 111 5 0 107 69523 68102 107 143.51
0 1504952074 362008637 0.7595 0.0000 102 0 0 99 69523 68083 99 95.67
0 1504952074 362137945 0.7594 0.0000 98 0 0 95 69523 68095 95 143.50
0 1504952074 362577504 0.7591 0.0000 89 0 0 87 69523 68146 87 95.67
0 1504952074 362025601 0.7594 0.0000 89 1 0 85 69523 68077 85 143.50
0 1504952074 362235136 0.7593 0.0000 90 1 0 86 69523 68103 86 143.50
0 1504952074 308120108 0.7953 0.0000 78 0 0 76 174209 171315 76 95.67
1 1504952074 308120108 1.0000 0.0000 78 0 0 78 0 0 78 95.67
0 1504952074 307817351 0.7955 0.0000 76 1 0 73 174209 171168 73 95.67
0 1504952074 307812142 0.7955 0.0000 76 0 0 74 174209 171164 74 95.67
0 1504952074 393951625 0.7382 0.0000 130 3 0 125 51281 50171 125 143.50
0 1504952074 394343877 0.7380 0.0000 139 7 0 140 51281 50195 140 143.50
0 1504952074 393932047 0.7382 0.0000 155 21 0 279 51281 50169 279 143.50
0 486929615 485757685 0.0024 0.0000 204 75 0 10 61686 61543 10 18.57
0 486929615 485754378 0.0024 0.0000 195 65 0 4 61686 61543 4 92.85
0 486929615 486051270 0.0018 0.0000 182 47 0 1 61686 61562 1 92.84
0 486929615 484960349 0.0040 0.0000 224 64 0 10 144292 143769 10 92.84
0 486929615 484901515 0.0042 0.0000 119 0 0 9 144292 143753 9 92.85
0 1504952074 336210017 0.7766 0.0001 83 0 0 80 106167 103268 80 95.67
0 1504952074 340969085 0.7734 0.0033 85 1 0 81 106182 104704 81 95.67
0 1504952074 356471322 0.7631 0.0135 88 0 0 85 106182 109197 85 95.67
0 1504952074 373550785 0.7518 0.0247 92 0 0 88 106182 114392 88 95.67
0 1504952074 336207835 0.7766 0.0000 93 3 0 91 105615 103275 91 95.67
0 1504952074 381176758 0.7467 0.0293 108 7 0 103 106182 119643 103 95.67
