This file contains any messages produced by compilers while
running configure, to aid debugging if configure makes a mistake.

It was created by destor configure 2.0, which was
generated by GNU Autoconf 2.69.  Invocation command line was

  $ ./configure --no-create --no-recursion

## --------- ##
## Platform. ##
## --------- ##

hostname = DESKTOP-5IPJ8KN
uname -m = x86_64
uname -r = 4.4.0-17763-Microsoft
uname -s = Linux
uname -v = #864-Microsoft Thu Nov 07 15:22:00 PST 2019

/usr/bin/uname -p = unknown
/bin/uname -X     = unknown

/bin/arch              = unknown
/usr/bin/arch -k       = unknown
/usr/convex/getsysinfo = unknown
/usr/bin/hostinfo      = unknown
/bin/machine           = unknown
/usr/bin/oslevel       = unknown
/bin/universe          = unknown

PATH: /usr/local/sbin
PATH: /usr/local/bin
PATH: /usr/sbin
PATH: /usr/bin
PATH: /sbin
PATH: /bin
PATH: /usr/games
PATH: /usr/local/games
PATH: /mnt/c/Program Files/WindowsApps/CanonicalGroupLimited.UbuntuonWindows_1804.2019.521.0_x64__79rhkp1fndgsc
PATH: /mnt/c/Program Files (x86)/NetSarang/Xftp 6
PATH: /mnt/c/Program Files (x86)/Common Files/Oracle/Java/javapath
PATH: /mnt/c/Windows/System32
PATH: /mnt/c/Windows
PATH: /mnt/c/Windows/System32/wbem
PATH: /mnt/c/Windows/System32/WindowsPowerShell/v1.0
PATH: /mnt/c/Windows/System32/OpenSSH
PATH: /mnt/c/Program Files/Intel/WiFi/bin
PATH: /mnt/c/Program Files/Common Files/Intel/WirelessCommon
PATH: /mnt/c/Program Files (x86)/NVIDIA Corporation/PhysX/Common
PATH: /mnt/d/Program Files/Microsoft VS Code/bin
PATH: /mnt/c/Users/cq/AppData/Local/Microsoft/WindowsApps
PATH: /mnt/c/Users/cq/AppData/Local/Programs/EmEditor
PATH: /snap/bin


## ----------- ##
## Core tests. ##
## ----------- ##

configure:2317: checking for a BSD-compatible install
configure:2385: result: /usr/bin/install -c
configure:2396: checking whether build environment is sane
configure:2451: result: yes
configure:2489: WARNING: 'missing' script is too old or missing
configure:2602: checking for a thread-safe mkdir -p
configure:2641: result: /bin/mkdir -p
configure:2648: checking for gawk
configure:2664: found /usr/bin/gawk
configure:2675: result: gawk
configure:2686: checking whether make sets $(MAKE)
configure:2708: result: yes
configure:2737: checking whether make supports nested variables
configure:2754: result: yes
configure:2932: checking for gcc
configure:2948: found /usr/bin/gcc
configure:2959: result: gcc
configure:3188: checking for C compiler version
configure:3197: gcc --version >&5
gcc (Ubuntu 7.3.0-16ubuntu3) 7.3.0
Copyright (C) 2017 Free Software Foundation, Inc.
This is free software; see the source for copying conditions.  There is NO
warranty; not even for MERCHANTABILITY or FITNESS FOR A PARTICULAR PURPOSE.

configure:3208: $? = 0
configure:3197: gcc -v >&5
Using built-in specs.
COLLECT_GCC=gcc
COLLECT_LTO_WRAPPER=/usr/lib/gcc/x86_64-linux-gnu/7/lto-wrapper
OFFLOAD_TARGET_NAMES=nvptx-none
OFFLOAD_TARGET_DEFAULT=1
Target: x86_64-linux-gnu
Configured with: ../src/configure -v --with-pkgversion='Ubuntu 7.3.0-16ubuntu3' --with-bugurl=file:///usr/share/doc/gcc-7/README.Bugs --enable-languages=c,ada,c++,go,brig,d,fortran,objc,obj-c++ --prefix=/usr --with-gcc-major-version-only --with-as=/usr/bin/x86_64-linux-gnu-as --with-ld=/usr/bin/x86_64-linux-gnu-ld --program-suffix=-7 --program-prefix=x86_64-linux-gnu- --enable-shared --enable-linker-build-id --libexecdir=/usr/lib --without-included-gettext --enable-threads=posix --libdir=/usr/lib --enable-nls --with-sysroot=/ --enable-clocale=gnu --enable-libstdcxx-debug --enable-libstdcxx-time=yes --with-default-libstdcxx-abi=new --enable-gnu-unique-object --disable-vtable-verify --enable-libmpx --enable-plugin --enable-default-pie --with-system-zlib --with-target-system-zlib --enable-objc-gc=auto --enable-multiarch --disable-werror --with-arch-32=i686 --with-abi=m64 --with-multilib-list=m32,m64,mx32 --enable-multilib --with-tune=generic --enable-offload-targets=nvptx-none --without-cuda-driver --enable-checking=release --build=x86_64-linux-gnu --host=x86_64-linux-gnu --target=x86_64-linux-gnu
Thread model: posix
gcc version 7.3.0 (Ubuntu 7.3.0-16ubuntu3) 
configure:3208: $? = 0
configure:3197: gcc -V >&5
gcc: error: unrecognized command line option '-V'
gcc: fatal error: no input files
compilation terminated.
configure:3208: $? = 1
configure:3197: gcc -qversion >&5
gcc: error: unrecognized command line option '-qversion'; did you mean '--version'?
gcc: fatal error: no input files
compilation terminated.
configure:3208: $? = 1
configure:3228: checking whether the C compiler works
configure:3250: gcc    conftest.c  >&5
configure:3254: $? = 0
configure:3302: result: yes
configure:3305: checking for C compiler default output file name
configure:3307: result: a.out
configure:3313: checking for suffix of executables
configure:3320: gcc -o conftest    conftest.c  >&5
configure:3324: $? = 0
configure:3346: result: 
configure:3368: checking whether we are cross compiling
configure:3376: gcc -o conftest    conftest.c  >&5
configure:3380: $? = 0
configure:3387: ./conftest
configure:3391: $? = 0
configure:3406: result: no
configure:3411: checking for suffix of object files
configure:3433: gcc -c   conftest.c >&5
configure:3437: $? = 0
configure:3458: result: o
configure:3462: checking whether we are using the GNU C compiler
configure:3481: gcc -c   conftest.c >&5
configure:3481: $? = 0
configure:3490: result: yes
configure:3499: checking whether gcc accepts -g
configure:3519: gcc -c -g  conftest.c >&5
configure:3519: $? = 0
configure:3560: result: yes
configure:3577: checking for gcc option to accept ISO C89
configure:3640: gcc  -c -g -O2  conftest.c >&5
configure:3640: $? = 0
configure:3653: result: none needed
configure:3678: checking whether gcc understands -c and -o together
configure:3700: gcc -c conftest.c -o conftest2.o
configure:3703: $? = 0
configure:3700: gcc -c conftest.c -o conftest2.o
configure:3703: $? = 0
configure:3715: result: yes
configure:3735: checking whether make supports the include directive
configure:3750: make -f confmf.GNU && cat confinc.out
make[1]: Entering directory '/mnt/c/Users/cq/Desktop/新建文件夹 (1)/新建文件夹 (1)/1-10'
make[1]: Leaving directory '/mnt/c/Users/cq/Desktop/新建文件夹 (1)/新建文件夹 (1)/1-10'
this is the am__doit target
configure:3753: $? = 0
configure:3772: result: yes (GNU style)
configure:3797: checking dependency style of gcc
configure:3908: result: gcc3
configure:3927: checking for pthread_create in -lpthread
configure:3952: gcc -o conftest -g -O2 -Wall   conftest.c -lpthread   >&5
configure:3952: $? = 0
configure:3961: result: yes
configure:3972: checking for g_hash_table_new in -lglib
configure:3997: gcc -o conftest -g -O2 -Wall   conftest.c -lglib  -lpthread  >&5
configure:3997: $? = 0
configure:4006: result: yes
configure:4017: checking for g_thread_init in -lglib
configure:4042: gcc -o conftest -g -O2 -Wall   conftest.c -lglib  -lpthread  >&5
/tmp/ccBOAh8w.o: In function `main':
/mnt/c/Users/cq/Desktop/新建文件夹 (1)/新建文件夹 (1)/1-10/conftest.c:23: undefined reference to `g_thread_init'
collect2: error: ld returned 1 exit status
configure:4042: $? = 1
configure: failed program was:
| /* confdefs.h */
| #define PACKAGE_NAME "destor"
| #define PACKAGE_TARNAME "destor"
| #define PACKAGE_VERSION "2.0"
| #define PACKAGE_STRING "destor 2.0"
| #define PACKAGE_BUGREPORT "fumin@hust.edu.cn"
| #define PACKAGE_URL ""
| #define PACKAGE "destor"
| #define VERSION "2.0"
| #define HAVE_LIBPTHREAD 1
| /* end confdefs.h.  */
| 
| /* Override any GCC internal prototype to avoid an error.
|    Use char because int might match the return type of a GCC
|    builtin and then its argument prototype would still apply.  */
| #ifdef __cplusplus
| extern "C"
| #endif
| char g_thread_init ();
| int
| main ()
| {
| return g_thread_init ();
|   ;
|   return 0;
| }
configure:4051: result: no
configure:4062: checking for SHA_Update in -lcrypto
configure:4087: gcc -o conftest -g -O2 -Wall   conftest.c -lcrypto  -lpthread  >&5
/tmp/cc3wLDsX.o: In function `main':
/mnt/c/Users/cq/Desktop/新建文件夹 (1)/新建文件夹 (1)/1-10/conftest.c:23: undefined reference to `SHA_Update'
collect2: error: ld returned 1 exit status
configure:4087: $? = 1
configure: failed program was:
| /* confdefs.h */
| #define PACKAGE_NAME "destor"
| #define PACKAGE_TARNAME "destor"
| #define PACKAGE_VERSION "2.0"
| #define PACKAGE_STRING "destor 2.0"
| #define PACKAGE_BUGREPORT "fumin@hust.edu.cn"
| #define PACKAGE_URL ""
| #define PACKAGE "destor"
| #define VERSION "2.0"
| #define HAVE_LIBPTHREAD 1
| /* end confdefs.h.  */
| 
| /* Override any GCC internal prototype to avoid an error.
|    Use char because int might match the return type of a GCC
|    builtin and then its argument prototype would still apply.  */
| #ifdef __cplusplus
| extern "C"
| #endif
| char SHA_Update ();
| int
| main ()
| {
| return SHA_Update ();
|   ;
|   return 0;
| }
configure:4096: result: no
configure:4105: error: *** Working crypto library not found ***

## ---------------- ##
## Cache variables. ##
## ---------------- ##

ac_cv_c_compiler_gnu='yes'
ac_cv_env_CC_set=''
ac_cv_env_CC_value=''
ac_cv_env_CFLAGS_set=''
ac_cv_env_CFLAGS_value=''
ac_cv_env_CPPFLAGS_set=''
ac_cv_env_CPPFLAGS_value=''
ac_cv_env_CPP_set=''
ac_cv_env_CPP_value=''
ac_cv_env_LDFLAGS_set=''
ac_cv_env_LDFLAGS_value=''
ac_cv_env_LIBS_set=''
ac_cv_env_LIBS_value=''
ac_cv_env_build_alias_set=''
ac_cv_env_build_alias_value=''
ac_cv_env_host_alias_set=''
ac_cv_env_host_alias_value=''
ac_cv_env_target_alias_set=''
ac_cv_env_target_alias_value=''
ac_cv_lib_crypto_SHA_Update='no'
ac_cv_lib_glib_g_hash_table_new='yes'
ac_cv_lib_glib_g_thread_init='no'
ac_cv_lib_pthread_pthread_create='yes'
ac_cv_objext='o'
ac_cv_path_install='/usr/bin/install -c'
ac_cv_path_mkdir='/bin/mkdir'
ac_cv_prog_AWK='gawk'
ac_cv_prog_ac_ct_CC='gcc'
ac_cv_prog_cc_c89=''
ac_cv_prog_cc_g='yes'
ac_cv_prog_make_make_set='yes'
am_cv_CC_dependencies_compiler_type='gcc3'
am_cv_make_support_nested_variables='yes'
am_cv_prog_cc_c_o='yes'

## ----------------- ##
## Output variables. ##
## ----------------- ##

ACLOCAL='aclocal-1.16'
AMDEPBACKSLASH='\'
AMDEP_FALSE='#'
AMDEP_TRUE=''
AMTAR='$${TAR-tar}'
AM_BACKSLASH='\'
AM_DEFAULT_V='$(AM_DEFAULT_VERBOSITY)'
AM_DEFAULT_VERBOSITY='1'
AM_V='$(V)'
AUTOCONF='autoconf'
AUTOHEADER='autoheader'
AUTOMAKE='automake-1.16'
AWK='gawk'
CC='gcc'
CCDEPMODE='depmode=gcc3'
CFLAGS='-g -O2 -Wall'
CPP=''
CPPFLAGS=''
CYGPATH_W='echo'
DEFS=''
DEPDIR='.deps'
ECHO_C=''
ECHO_N='-n'
ECHO_T=''
EGREP=''
EXEEXT=''
GREP=''
INSTALL_DATA='${INSTALL} -m 644'
INSTALL_PROGRAM='${INSTALL}'
INSTALL_SCRIPT='${INSTALL}'
INSTALL_STRIP_PROGRAM='$(install_sh) -c -s'
LDFLAGS=''
LIBOBJS=''
LIBS='-lpthread '
LTLIBOBJS=''
MAKEINFO='makeinfo'
MKDIR_P='/bin/mkdir -p'
OBJEXT='o'
PACKAGE='destor'
PACKAGE_BUGREPORT='fumin@hust.edu.cn'
PACKAGE_NAME='destor'
PACKAGE_STRING='destor 2.0'
PACKAGE_TARNAME='destor'
PACKAGE_URL=''
PACKAGE_VERSION='2.0'
PATH_SEPARATOR=':'
RANLIB=''
SET_MAKE=''
SHELL='/bin/sh'
STRIP=''
VERSION='2.0'
ac_ct_CC='gcc'
am__EXEEXT_FALSE=''
am__EXEEXT_TRUE=''
am__fastdepCC_FALSE='#'
am__fastdepCC_TRUE=''
am__include='include'
am__isrc=''
am__leading_dot='.'
am__nodep='_no'
am__quote=''
am__tar='$${TAR-tar} chof - "$$tardir"'
am__untar='$${TAR-tar} xf -'
bindir='${exec_prefix}/bin'
build_alias=''
datadir='${datarootdir}'
datarootdir='${prefix}/share'
docdir='${datarootdir}/doc/${PACKAGE_TARNAME}'
dvidir='${docdir}'
exec_prefix='NONE'
host_alias=''
htmldir='${docdir}'
includedir='${prefix}/include'
infodir='${datarootdir}/info'
install_sh='${SHELL} '\''/mnt/c/Users/cq/Desktop/新建文件夹 (1)/新建文件夹 (1)/1-10/install-sh'\'''
libdir='${exec_prefix}/lib'
libexecdir='${exec_prefix}/libexec'
localedir='${datarootdir}/locale'
localstatedir='${prefix}/var'
mandir='${datarootdir}/man'
mkdir_p='$(MKDIR_P)'
oldincludedir='/usr/include'
pdfdir='${docdir}'
prefix='NONE'
program_transform_name='s,x,x,'
psdir='${docdir}'
runstatedir='${localstatedir}/run'
sbindir='${exec_prefix}/sbin'
sharedstatedir='${prefix}/com'
sysconfdir='${prefix}/etc'
target_alias=''

## ----------- ##
## confdefs.h. ##
## ----------- ##

/* confdefs.h */
#define PACKAGE_NAME "destor"
#define PACKAGE_TARNAME "destor"
#define PACKAGE_VERSION "2.0"
#define PACKAGE_STRING "destor 2.0"
#define PACKAGE_BUGREPORT "fumin@hust.edu.cn"
#define PACKAGE_URL ""
#define PACKAGE "destor"
#define VERSION "2.0"
#define HAVE_LIBPTHREAD 1

configure: exit 1
