0 141567013 34 3.9708 26.9999
1 141712936 36 3.7541 27.0278
0 140213394 34 3.9329 26.7414
1 141567013 40 3.3752 26.9997
2 141712936 42 3.2178 27.0277
3 139780800 54 2.4686 26.6590
0 140213394 37 3.6140 26.7417
0 140213394 35 3.8205 26.7404
1 141567013 40 3.3752 26.9992
2 141712936 42 3.2178 27.0280
3 139780800 49 2.7205 26.6585
4 139904209 52 2.5658 26.6818
5 140016706 57 2.3426 26.7036
6 140880269 62 2.1670 26.8689
0 4576651841 1161 3.7594 436.4428
0 4576651841 1424 3.0651 436.4349
0 1504952074 493 2.9112 143.5157
0 1504952074 524 2.7390 287.0275
0 1504952074 571 2.5135 287.0201
0 1504952074 720 1.9934 287.0176
0 1504952074 637 2.2531 287.0209
0 1504952074 611 2.3490 287.0209
0 1504952074 534 2.6877 287.0299
0 1504952074 530 2.7080 287.0216
0 1504952074 544 2.6383 287.0256
0 1504952074 472 3.0408 287.0004
0 1504952074 457 3.1406 287.0189
0 1504952074 455 3.1544 287.0155
0 1504952074 794 1.8076 287.0124
0 1504952074 884 1.6236 287.0249
0 1504952074 1033 1.3894 287.0227
0 486929615 206 2.2542 92.8677
0 486929615 196 2.3692 92.8649
0 486929615 182 2.5515 92.8609
0 486929615 122 3.8063 92.8652
0 1504952074 497 2.8878 287.0240
0 1504952074 482 2.9777 287.0205
0 1504952074 477 3.0089 287.0209
0 1504952074 468 3.0667 287.0065
0 1504952074 608 2.3606 287.0079
0 1504952074 559 2.5675 287.0073
